2026-05-03 19:25:50.277 [main] INFO  [NOCORR] [user=anon] c.c.i.IncidentServiceApplication - Starting IncidentServiceApplication using Java 21.0.2 with PID 8520 (C:\Users\2484896\Downloads\comnet360-backendf\comnet360\services\incident-service\target\classes started by 2484896 in C:\Users\2484896\Downloads\comnet360-backendf)
2026-05-03 19:25:50.281 [main] DEBUG [NOCORR] [user=anon] c.c.i.IncidentServiceApplication - Running with Spring Boot v3.2.5, Spring v6.1.6
2026-05-03 19:25:50.282 [main] INFO  [NOCORR] [user=anon] c.c.i.IncidentServiceApplication - No active profile set, falling back to 1 default profile: "default"
2026-05-03 19:25:53.215 [main] INFO  [NOCORR] [user=anon] o.s.d.r.c.RepositoryConfigurationDelegate - Bootstrapping Spring Data JPA repositories in DEFAULT mode.
2026-05-03 19:25:53.610 [main] INFO  [NOCORR] [user=anon] o.s.d.r.c.RepositoryConfigurationDelegate - Finished Spring Data repository scanning in 380 ms. Found 3 JPA repository interfaces.
2026-05-03 19:25:54.039 [main] INFO  [NOCORR] [user=anon] o.s.cloud.context.scope.GenericScope - BeanFactory id=74cfbee3-5efb-3a12-94c2-673d35962955
2026-05-03 19:25:54.773 [main] WARN  [NOCORR] [user=anon] o.s.c.s.PostProcessorRegistrationDelegate$BeanPostProcessorChecker - Bean 'org.springframework.cloud.client.loadbalancer.LoadBalancerAutoConfiguration$DeferringLoadBalancerInterceptorConfig' of type [org.springframework.cloud.client.loadbalancer.LoadBalancerAutoConfiguration$DeferringLoadBalancerInterceptorConfig] is not eligible for getting processed by all BeanPostProcessors (for example: not eligible for auto-proxying). The currently created BeanPostProcessor [lbRestClientPostProcessor] is declared through a non-static factory method on that class; consider declaring it as static instead.
2026-05-03 19:25:54.780 [main] WARN  [NOCORR] [user=anon] o.s.c.s.PostProcessorRegistrationDelegate$BeanPostProcessorChecker - Bean 'deferringLoadBalancerInterceptor' of type [org.springframework.cloud.client.loadbalancer.DeferringLoadBalancerInterceptor] is not eligible for getting processed by all BeanPostProcessors (for example: not eligible for auto-proxying). Is this bean getting eagerly injected into a currently created BeanPostProcessor [lbRestClientPostProcessor]? Check the corresponding BeanPostProcessor declaration and its dependencies.
2026-05-03 19:25:55.405 [main] INFO  [NOCORR] [user=anon] o.s.b.w.e.tomcat.TomcatWebServer - Tomcat initialized with port 8084 (http)
2026-05-03 19:25:55.457 [main] INFO  [NOCORR] [user=anon] o.a.catalina.core.StandardService - Starting service [Tomcat]
2026-05-03 19:25:55.458 [main] INFO  [NOCORR] [user=anon] o.a.catalina.core.StandardEngine - Starting Servlet engine: [Apache Tomcat/10.1.20]
2026-05-03 19:25:55.588 [main] INFO  [NOCORR] [user=anon] o.a.c.c.C.[Tomcat].[localhost].[/] - Initializing Spring embedded WebApplicationContext
2026-05-03 19:25:55.588 [main] INFO  [NOCORR] [user=anon] o.s.b.w.s.c.ServletWebServerApplicationContext - Root WebApplicationContext: initialization completed in 5182 ms
2026-05-03 19:25:56.107 [main] DEBUG [NOCORR] [user=anon] c.c.i.filter.RequestLoggingFilter - Filter 'requestLoggingFilter' configured for use
2026-05-03 19:25:56.108 [main] DEBUG [NOCORR] [user=anon] c.c.incident.filter.JwtAuthFilter - Filter 'jwtAuthFilter' configured for use
2026-05-03 19:25:56.351 [main] INFO  [NOCORR] [user=anon] o.h.jpa.internal.util.LogHelper - HHH000204: Processing PersistenceUnitInfo [name: default]
2026-05-03 19:25:56.435 [main] INFO  [NOCORR] [user=anon] org.hibernate.Version - HHH000412: Hibernate ORM core version 6.4.4.Final
2026-05-03 19:25:56.535 [main] INFO  [NOCORR] [user=anon] o.h.c.i.RegionFactoryInitiator - HHH000026: Second-level cache disabled
2026-05-03 19:25:56.934 [main] INFO  [NOCORR] [user=anon] o.s.o.j.p.SpringPersistenceUnitInfo - No LoadTimeWeaver setup: ignoring JPA class transformer
2026-05-03 19:25:57.023 [main] INFO  [NOCORR] [user=anon] com.zaxxer.hikari.HikariDataSource - HikariPool-1 - Starting...
2026-05-03 19:25:57.433 [main] INFO  [NOCORR] [user=anon] com.zaxxer.hikari.pool.HikariPool - HikariPool-1 - Added connection com.mysql.cj.jdbc.ConnectionImpl@1aef7428
2026-05-03 19:25:57.437 [main] INFO  [NOCORR] [user=anon] com.zaxxer.hikari.HikariDataSource - HikariPool-1 - Start completed.
2026-05-03 19:25:57.543 [main] WARN  [NOCORR] [user=anon] org.hibernate.orm.deprecation - HHH90000025: MySQLDialect does not need to be specified explicitly using 'hibernate.dialect' (remove the property setting and it will be selected by default)
2026-05-03 19:25:59.383 [main] INFO  [NOCORR] [user=anon] o.h.e.t.j.p.i.JtaPlatformInitiator - HHH000489: No JTA platform available (set 'hibernate.transaction.jta.platform' to enable JTA platform integration)
2026-05-03 19:25:59.453 [main] INFO  [NOCORR] [user=anon] o.s.o.j.LocalContainerEntityManagerFactoryBean - Initialized JPA EntityManagerFactory for persistence unit 'default'
2026-05-03 19:26:00.589 [main] WARN  [NOCORR] [user=anon] o.s.b.a.o.j.JpaBaseConfiguration$JpaWebConfiguration - spring.jpa.open-in-view is enabled by default. Therefore, database queries may be performed during view rendering. Explicitly configure spring.jpa.open-in-view to disable this warning
2026-05-03 19:26:00.666 [main] WARN  [NOCORR] [user=anon] o.s.b.a.s.s.UserDetailsServiceAutoConfiguration - 

Using generated security password: 12fa656a-9b60-4d2e-9710-a473f2f93864

This generated password is for development use only. Your security configuration must be updated before running your application in production.

2026-05-03 19:26:01.702 [main] INFO  [NOCORR] [user=anon] o.s.b.a.e.web.EndpointLinksResolver - Exposing 2 endpoint(s) beneath base path '/actuator'
2026-05-03 19:26:01.882 [main] INFO  [NOCORR] [user=anon] o.s.s.web.DefaultSecurityFilterChain - Will secure any request with [org.springframework.security.web.session.DisableEncodeUrlFilter@3bea7134, org.springframework.security.web.context.request.async.WebAsyncManagerIntegrationFilter@10c95d9b, org.springframework.security.web.context.SecurityContextHolderFilter@3ea3b20d, org.springframework.security.web.header.HeaderWriterFilter@1d92d132, org.springframework.web.filter.CorsFilter@3f60ba06, org.springframework.security.web.authentication.logout.LogoutFilter@5769679b, com.comnet360.incident.filter.JwtAuthFilter@238ad211, org.springframework.security.web.savedrequest.RequestCacheAwareFilter@463c5d0f, org.springframework.security.web.servletapi.SecurityContextHolderAwareRequestFilter@685a3c14, org.springframework.security.web.authentication.AnonymousAuthenticationFilter@251d64d6, org.springframework.security.web.session.SessionManagementFilter@56da2437, org.springframework.security.web.access.ExceptionTranslationFilter@640c2749, org.springframework.security.web.access.intercept.AuthorizationFilter@46e2a773]
2026-05-03 19:26:03.102 [main] INFO  [NOCORR] [user=anon] o.s.c.n.e.c.DiscoveryClientOptionalArgsConfiguration - Eureka HTTP Client uses RestTemplate.
2026-05-03 19:26:03.211 [main] WARN  [NOCORR] [user=anon] o.s.c.l.c.LoadBalancerCacheAutoConfiguration$LoadBalancerCaffeineWarnLogger - Spring Cloud LoadBalancer is currently working with the default cache. While this cache implementation is useful for development and tests, it's recommended to use Caffeine cache in production.You can switch to using Caffeine cache, by adding it and org.springframework.cache.caffeine.CaffeineCacheManager to the classpath.
2026-05-03 19:26:03.493 [main] INFO  [NOCORR] [user=anon] o.s.c.n.eureka.InstanceInfoFactory - Setting initial instance status as: STARTING
2026-05-03 19:26:03.705 [main] INFO  [NOCORR] [user=anon] c.netflix.discovery.DiscoveryClient - Initializing Eureka in region us-east-1
2026-05-03 19:26:03.713 [main] INFO  [NOCORR] [user=anon] c.n.d.s.r.aws.ConfigClusterResolver - Resolving eureka endpoints via configuration
2026-05-03 19:26:03.762 [main] INFO  [NOCORR] [user=anon] c.netflix.discovery.DiscoveryClient - Disable delta property : false
2026-05-03 19:26:03.763 [main] INFO  [NOCORR] [user=anon] c.netflix.discovery.DiscoveryClient - Single vip registry refresh property : null
2026-05-03 19:26:03.763 [main] INFO  [NOCORR] [user=anon] c.netflix.discovery.DiscoveryClient - Force full registry fetch : false
2026-05-03 19:26:03.763 [main] INFO  [NOCORR] [user=anon] c.netflix.discovery.DiscoveryClient - Application is null : false
2026-05-03 19:26:03.763 [main] INFO  [NOCORR] [user=anon] c.netflix.discovery.DiscoveryClient - Registered Applications size is zero : true
2026-05-03 19:26:03.764 [main] INFO  [NOCORR] [user=anon] c.netflix.discovery.DiscoveryClient - Application version is -1: true
2026-05-03 19:26:03.764 [main] INFO  [NOCORR] [user=anon] c.netflix.discovery.DiscoveryClient - Getting all instance registry info from the eureka server
2026-05-03 19:26:04.410 [main] INFO  [NOCORR] [user=anon] c.netflix.discovery.DiscoveryClient - The response status is 200
2026-05-03 19:26:04.415 [main] INFO  [NOCORR] [user=anon] c.netflix.discovery.DiscoveryClient - Starting heartbeat executor: renew interval is: 10
2026-05-03 19:26:04.420 [main] INFO  [NOCORR] [user=anon] c.n.discovery.InstanceInfoReplicator - InstanceInfoReplicator onDemand update allowed rate per min is 4
2026-05-03 19:26:04.431 [main] INFO  [NOCORR] [user=anon] c.netflix.discovery.DiscoveryClient - Discovery Client initialized at timestamp 1777816564429 with initial instances count: 2
2026-05-03 19:26:04.444 [main] INFO  [NOCORR] [user=anon] o.s.c.n.e.s.EurekaServiceRegistry - Registering application INCIDENT-SERVICE with eureka with status UP
2026-05-03 19:26:04.445 [main] INFO  [NOCORR] [user=anon] c.netflix.discovery.DiscoveryClient - Saw local status change event StatusChangeEvent [timestamp=1777816564445, current=UP, previous=STARTING]
2026-05-03 19:26:04.450 [DiscoveryClient-InstanceInfoReplicator-0] INFO  [NOCORR] [user=anon] c.netflix.discovery.DiscoveryClient - DiscoveryClient_INCIDENT-SERVICE/incident-service:8084: registering service...
2026-05-03 19:26:04.512 [main] INFO  [NOCORR] [user=anon] o.s.b.w.e.tomcat.TomcatWebServer - Tomcat started on port 8084 (http) with context path ''
2026-05-03 19:26:04.513 [main] INFO  [NOCORR] [user=anon] o.s.c.n.e.s.EurekaAutoServiceRegistration - Updating port to 8084
2026-05-03 19:26:04.550 [DiscoveryClient-InstanceInfoReplicator-0] INFO  [NOCORR] [user=anon] c.netflix.discovery.DiscoveryClient - DiscoveryClient_INCIDENT-SERVICE/incident-service:8084 - registration status: 204
2026-05-03 19:26:04.559 [main] INFO  [NOCORR] [user=anon] c.c.i.IncidentServiceApplication - Started IncidentServiceApplication in 15.488 seconds (process running for 16.369)
2026-05-03 19:31:03.776 [AsyncResolver-bootstrap-executor-0] INFO  [NOCORR] [user=anon] c.n.d.s.r.aws.ConfigClusterResolver - Resolving eureka endpoints via configuration
2026-05-03 19:34:19.001 [http-nio-8084-exec-1] INFO  [NOCORR] [user=anon] o.a.c.c.C.[Tomcat].[localhost].[/] - Initializing Spring DispatcherServlet 'dispatcherServlet'
2026-05-03 19:34:19.003 [http-nio-8084-exec-1] INFO  [NOCORR] [user=anon] o.s.web.servlet.DispatcherServlet - Initializing Servlet 'dispatcherServlet'
2026-05-03 19:34:19.011 [http-nio-8084-exec-1] INFO  [NOCORR] [user=anon] o.s.web.servlet.DispatcherServlet - Completed initialization in 8 ms
2026-05-03 19:34:19.023 [http-nio-8084-exec-1] INFO  [a37c7c68-099b-463e-b38d-0d94499cc17c] [user=anon] c.c.i.filter.RequestLoggingFilter - → GET /swagger-ui/index.html
2026-05-03 19:34:19.430 [http-nio-8084-exec-1] INFO  [a37c7c68-099b-463e-b38d-0d94499cc17c] [user=anon] c.c.i.filter.RequestLoggingFilter - ← GET /swagger-ui/index.html | status=200 | 407ms
2026-05-03 19:34:19.535 [http-nio-8084-exec-2] INFO  [87ea24a1-0b56-47cf-a739-40eb67e6f398] [user=anon] c.c.i.filter.RequestLoggingFilter - → GET /swagger-ui/swagger-ui.css
2026-05-03 19:34:19.561 [http-nio-8084-exec-6] INFO  [f14128e4-524c-4806-90d5-c87456f525d2] [user=anon] c.c.i.filter.RequestLoggingFilter - → GET /swagger-ui/index.css
2026-05-03 19:34:19.565 [http-nio-8084-exec-4] INFO  [08388f70-24b4-4cab-84d9-4cf78acafd99] [user=anon] c.c.i.filter.RequestLoggingFilter - → GET /swagger-ui/swagger-ui-bundle.js
2026-05-03 19:34:19.571 [http-nio-8084-exec-5] INFO  [6fcfc717-d0a5-48f0-bdb0-7e9f60d1e155] [user=anon] c.c.i.filter.RequestLoggingFilter - → GET /swagger-ui/swagger-ui-standalone-preset.js
2026-05-03 19:34:19.574 [http-nio-8084-exec-10] INFO  [856e1621-94b7-4759-9b55-1d53bbd21db1] [user=anon] c.c.i.filter.RequestLoggingFilter - → GET /swagger-ui/swagger-initializer.js
2026-05-03 19:34:19.591 [http-nio-8084-exec-2] INFO  [87ea24a1-0b56-47cf-a739-40eb67e6f398] [user=anon] c.c.i.filter.RequestLoggingFilter - ← GET /swagger-ui/swagger-ui.css | status=200 | 56ms
2026-05-03 19:34:19.602 [http-nio-8084-exec-6] INFO  [f14128e4-524c-4806-90d5-c87456f525d2] [user=anon] c.c.i.filter.RequestLoggingFilter - ← GET /swagger-ui/index.css | status=200 | 43ms
2026-05-03 19:34:19.617 [http-nio-8084-exec-5] INFO  [6fcfc717-d0a5-48f0-bdb0-7e9f60d1e155] [user=anon] c.c.i.filter.RequestLoggingFilter - ← GET /swagger-ui/swagger-ui-standalone-preset.js | status=200 | 47ms
2026-05-03 19:34:19.633 [http-nio-8084-exec-10] INFO  [856e1621-94b7-4759-9b55-1d53bbd21db1] [user=anon] c.c.i.filter.RequestLoggingFilter - ← GET /swagger-ui/swagger-initializer.js | status=200 | 59ms
2026-05-03 19:34:19.675 [http-nio-8084-exec-4] INFO  [08388f70-24b4-4cab-84d9-4cf78acafd99] [user=anon] c.c.i.filter.RequestLoggingFilter - ← GET /swagger-ui/swagger-ui-bundle.js | status=200 | 112ms
2026-05-03 19:34:19.886 [http-nio-8084-exec-7] INFO  [5c29adeb-b601-4f2c-83aa-e3df48a7d7c5] [user=anon] c.c.i.filter.RequestLoggingFilter - → GET /v3/api-docs/swagger-config
2026-05-03 19:34:19.996 [http-nio-8084-exec-7] INFO  [5c29adeb-b601-4f2c-83aa-e3df48a7d7c5] [user=anon] c.c.i.filter.RequestLoggingFilter - ← GET /v3/api-docs/swagger-config | status=200 | 110ms
2026-05-03 19:34:20.032 [http-nio-8084-exec-8] INFO  [519d4351-0b3d-420f-b133-4fbdbddaefab] [user=anon] c.c.i.filter.RequestLoggingFilter - → GET /v3/api-docs
2026-05-03 19:34:22.121 [http-nio-8084-exec-8] INFO  [519d4351-0b3d-420f-b133-4fbdbddaefab] [user=anon] o.s.api.AbstractOpenApiResource - Init duration for springdoc-openapi is: 1986 ms
2026-05-03 19:34:22.234 [http-nio-8084-exec-8] INFO  [519d4351-0b3d-420f-b133-4fbdbddaefab] [user=anon] c.c.i.filter.RequestLoggingFilter - ← GET /v3/api-docs | status=200 | 2202ms
2026-05-03 19:36:03.781 [AsyncResolver-bootstrap-executor-0] INFO  [NOCORR] [user=anon] c.n.d.s.r.aws.ConfigClusterResolver - Resolving eureka endpoints via configuration
2026-05-03 19:41:03.797 [AsyncResolver-bootstrap-executor-0] INFO  [NOCORR] [user=anon] c.n.d.s.r.aws.ConfigClusterResolver - Resolving eureka endpoints via configuration
2026-05-03 19:46:03.812 [AsyncResolver-bootstrap-executor-0] INFO  [NOCORR] [user=anon] c.n.d.s.r.aws.ConfigClusterResolver - Resolving eureka endpoints via configuration
2026-05-03 19:49:35.637 [HikariPool-1 housekeeper] WARN  [NOCORR] [user=anon] com.zaxxer.hikari.pool.HikariPool - HikariPool-1 - Thread starvation or clock leap detected (housekeeper delta=1m7s731ms167µs600ns).
2026-05-03 19:51:41.555 [AsyncResolver-bootstrap-executor-0] INFO  [NOCORR] [user=anon] c.n.d.s.r.aws.ConfigClusterResolver - Resolving eureka endpoints via configuration
2026-05-03 19:56:41.566 [AsyncResolver-bootstrap-executor-0] INFO  [NOCORR] [user=anon] c.n.d.s.r.aws.ConfigClusterResolver - Resolving eureka endpoints via configuration
2026-05-03 20:01:41.585 [AsyncResolver-bootstrap-executor-0] INFO  [NOCORR] [user=anon] c.n.d.s.r.aws.ConfigClusterResolver - Resolving eureka endpoints via configuration
2026-05-03 20:06:41.606 [AsyncResolver-bootstrap-executor-0] INFO  [NOCORR] [user=anon] c.n.d.s.r.aws.ConfigClusterResolver - Resolving eureka endpoints via configuration
2026-05-03 20:11:41.618 [AsyncResolver-bootstrap-executor-0] INFO  [NOCORR] [user=anon] c.n.d.s.r.aws.ConfigClusterResolver - Resolving eureka endpoints via configuration
2026-05-03 20:16:41.634 [AsyncResolver-bootstrap-executor-0] INFO  [NOCORR] [user=anon] c.n.d.s.r.aws.ConfigClusterResolver - Resolving eureka endpoints via configuration
2026-05-03 20:21:41.646 [AsyncResolver-bootstrap-executor-0] INFO  [NOCORR] [user=anon] c.n.d.s.r.aws.ConfigClusterResolver - Resolving eureka endpoints via configuration
2026-05-03 20:26:41.656 [AsyncResolver-bootstrap-executor-0] INFO  [NOCORR] [user=anon] c.n.d.s.r.aws.ConfigClusterResolver - Resolving eureka endpoints via configuration
2026-05-03 20:31:41.664 [AsyncResolver-bootstrap-executor-0] INFO  [NOCORR] [user=anon] c.n.d.s.r.aws.ConfigClusterResolver - Resolving eureka endpoints via configuration
2026-05-03 20:36:41.668 [AsyncResolver-bootstrap-executor-0] INFO  [NOCORR] [user=anon] c.n.d.s.r.aws.ConfigClusterResolver - Resolving eureka endpoints via configuration
2026-05-03 20:41:41.672 [AsyncResolver-bootstrap-executor-0] INFO  [NOCORR] [user=anon] c.n.d.s.r.aws.ConfigClusterResolver - Resolving eureka endpoints via configuration
2026-05-03 20:46:41.686 [AsyncResolver-bootstrap-executor-0] INFO  [NOCORR] [user=anon] c.n.d.s.r.aws.ConfigClusterResolver - Resolving eureka endpoints via configuration
2026-05-03 20:47:27.086 [http-nio-8084-exec-5] INFO  [039658d7-24f1-48a2-826c-f860875e51a4] [user=anon] c.c.i.filter.RequestLoggingFilter - → POST /api/incidents
2026-05-03 20:47:27.332 [http-nio-8084-exec-5] DEBUG [039658d7-24f1-48a2-826c-f860875e51a4] [user=anon] c.c.incident.filter.JwtAuthFilter - Auth via direct JWT: john@comnet360.com role: NETWORK_ENGINEER
2026-05-03 20:47:27.635 [http-nio-8084-exec-5] INFO  [039658d7-24f1-48a2-826c-f860875e51a4] [user=anon] c.c.incident.service.IncidentService - Incident created: id=1 title=Voice Outage — HQ severity=CRITICAL
2026-05-03 20:47:27.665 [http-nio-8084-exec-5] INFO  [039658d7-24f1-48a2-826c-f860875e51a4] [user=anon] c.c.i.filter.RequestLoggingFilter - ← POST /api/incidents | status=201 | 579ms
2026-05-03 20:49:15.107 [http-nio-8084-exec-4] INFO  [db809f4e-28cc-4827-a116-d26dccc4bb36] [user=anon] c.c.i.filter.RequestLoggingFilter - → PUT /api/incidents/1/assign
2026-05-03 20:49:15.114 [http-nio-8084-exec-4] DEBUG [db809f4e-28cc-4827-a116-d26dccc4bb36] [user=anon] c.c.incident.filter.JwtAuthFilter - Auth via direct JWT: sarah@comnet360.com role: SERVICE_MANAGER
2026-05-03 20:49:15.208 [http-nio-8084-exec-4] INFO  [db809f4e-28cc-4827-a116-d26dccc4bb36] [user=anon] c.c.incident.service.IncidentService - Incident 1 assigned to user 3
2026-05-03 20:49:15.231 [http-nio-8084-exec-4] INFO  [db809f4e-28cc-4827-a116-d26dccc4bb36] [user=anon] c.c.i.filter.RequestLoggingFilter - ← PUT /api/incidents/1/assign | status=200 | 125ms
2026-05-03 20:51:41.688 [AsyncResolver-bootstrap-executor-0] INFO  [NOCORR] [user=anon] c.n.d.s.r.aws.ConfigClusterResolver - Resolving eureka endpoints via configuration
2026-05-03 20:51:42.605 [http-nio-8084-exec-8] INFO  [37477ea0-94f3-4686-bf50-cfd7292ef02b] [user=anon] c.c.i.filter.RequestLoggingFilter - → POST /api/actions/incident/1
2026-05-03 20:51:42.612 [http-nio-8084-exec-8] DEBUG [37477ea0-94f3-4686-bf50-cfd7292ef02b] [user=anon] c.c.incident.filter.JwtAuthFilter - Auth via direct JWT: john@comnet360.com role: NETWORK_ENGINEER
2026-05-03 20:51:43.110 [http-nio-8084-exec-8] INFO  [37477ea0-94f3-4686-bf50-cfd7292ef02b] [user=anon] c.c.i.s.ResolutionActionService - Resolution action created: id=1 incidentId=1
2026-05-03 20:51:43.118 [http-nio-8084-exec-8] INFO  [37477ea0-94f3-4686-bf50-cfd7292ef02b] [user=anon] c.c.i.filter.RequestLoggingFilter - ← POST /api/actions/incident/1 | status=201 | 513ms
2026-05-03 20:52:37.712 [http-nio-8084-exec-9] INFO  [eeeacfbe-5dcd-478b-bf5f-034523ad2dd9] [user=anon] c.c.i.filter.RequestLoggingFilter - → PUT /api/actions/1/status
2026-05-03 20:52:37.718 [http-nio-8084-exec-9] DEBUG [eeeacfbe-5dcd-478b-bf5f-034523ad2dd9] [user=anon] c.c.incident.filter.JwtAuthFilter - Auth via direct JWT: john@comnet360.com role: NETWORK_ENGINEER
2026-05-03 20:52:37.731 [http-nio-8084-exec-9] INFO  [eeeacfbe-5dcd-478b-bf5f-034523ad2dd9] [user=anon] c.c.i.s.ResolutionActionService - Action 1 status updated to IN_PROGRESS
2026-05-03 20:52:37.744 [http-nio-8084-exec-9] INFO  [eeeacfbe-5dcd-478b-bf5f-034523ad2dd9] [user=anon] c.c.i.filter.RequestLoggingFilter - ← PUT /api/actions/1/status | status=200 | 32ms
2026-05-03 20:53:27.729 [http-nio-8084-exec-3] INFO  [00c75c92-3524-45c1-8e40-c803fd7d611f] [user=anon] c.c.i.filter.RequestLoggingFilter - → POST /api/incidents/1/comments
2026-05-03 20:53:27.733 [http-nio-8084-exec-3] DEBUG [00c75c92-3524-45c1-8e40-c803fd7d611f] [user=anon] c.c.incident.filter.JwtAuthFilter - Auth via direct JWT: john@comnet360.com role: NETWORK_ENGINEER
2026-05-03 20:53:27.753 [http-nio-8084-exec-3] DEBUG [00c75c92-3524-45c1-8e40-c803fd7d611f] [user=anon] c.c.incident.service.CommentService - Comment added to incident 1
2026-05-03 20:53:27.761 [http-nio-8084-exec-3] INFO  [00c75c92-3524-45c1-8e40-c803fd7d611f] [user=anon] c.c.i.filter.RequestLoggingFilter - ← POST /api/incidents/1/comments | status=201 | 32ms
2026-05-03 20:56:02.420 [http-nio-8084-exec-2] INFO  [8c44c9a5-0abd-4a08-8d2e-4d8a6c140ae5] [user=anon] c.c.i.filter.RequestLoggingFilter - → POST /api/incidents/1/comments
2026-05-03 20:56:02.431 [http-nio-8084-exec-2] DEBUG [8c44c9a5-0abd-4a08-8d2e-4d8a6c140ae5] [user=anon] c.c.incident.filter.JwtAuthFilter - Auth via direct JWT: mike@comnet360.com role: OPERATIONS_HEAD
2026-05-03 20:56:02.441 [http-nio-8084-exec-2] DEBUG [8c44c9a5-0abd-4a08-8d2e-4d8a6c140ae5] [user=anon] c.c.incident.service.CommentService - Comment added to incident 1
2026-05-03 20:56:02.448 [http-nio-8084-exec-2] INFO  [8c44c9a5-0abd-4a08-8d2e-4d8a6c140ae5] [user=anon] c.c.i.filter.RequestLoggingFilter - ← POST /api/incidents/1/comments | status=201 | 28ms
2026-05-03 20:56:41.699 [AsyncResolver-bootstrap-executor-0] INFO  [NOCORR] [user=anon] c.n.d.s.r.aws.ConfigClusterResolver - Resolving eureka endpoints via configuration
2026-05-03 20:57:58.279 [http-nio-8084-exec-5] INFO  [e7addcd1-42bc-4c0f-adb8-568ecb764b3a] [user=anon] c.c.i.filter.RequestLoggingFilter - → PUT /api/actions/1/status
2026-05-03 20:57:58.286 [http-nio-8084-exec-5] DEBUG [e7addcd1-42bc-4c0f-adb8-568ecb764b3a] [user=anon] c.c.incident.filter.JwtAuthFilter - Auth via direct JWT: john@comnet360.com role: NETWORK_ENGINEER
2026-05-03 20:57:58.293 [http-nio-8084-exec-5] INFO  [e7addcd1-42bc-4c0f-adb8-568ecb764b3a] [user=anon] c.c.i.s.ResolutionActionService - Action 1 status updated to COMPLETED
2026-05-03 20:57:58.301 [http-nio-8084-exec-5] INFO  [e7addcd1-42bc-4c0f-adb8-568ecb764b3a] [user=anon] c.c.i.filter.RequestLoggingFilter - ← PUT /api/actions/1/status | status=200 | 22ms
2026-05-03 20:58:18.460 [http-nio-8084-exec-10] INFO  [1b0a5293-76cd-484d-a7d6-5a1be0d4c973] [user=anon] c.c.i.filter.RequestLoggingFilter - → PUT /api/actions/1/status
2026-05-03 20:58:18.466 [http-nio-8084-exec-10] DEBUG [1b0a5293-76cd-484d-a7d6-5a1be0d4c973] [user=anon] c.c.incident.filter.JwtAuthFilter - Auth via direct JWT: john@comnet360.com role: NETWORK_ENGINEER
2026-05-03 20:58:18.473 [http-nio-8084-exec-10] WARN  [1b0a5293-76cd-484d-a7d6-5a1be0d4c973] [user=anon] c.c.i.e.GlobalExceptionHandler - Bad request: Invalid status 'UNKNOWN'. Valid values: PENDING, IN_PROGRESS, COMPLETED, CANCELLED
2026-05-03 20:58:18.477 [http-nio-8084-exec-10] INFO  [1b0a5293-76cd-484d-a7d6-5a1be0d4c973] [user=anon] c.c.i.filter.RequestLoggingFilter - ← PUT /api/actions/1/status | status=400 | 17ms
2026-05-03 20:58:33.793 [http-nio-8084-exec-4] INFO  [4239faf6-b293-4069-a42b-dafa932f1137] [user=anon] c.c.i.filter.RequestLoggingFilter - → PUT /api/actions/1/status
2026-05-03 20:58:33.800 [http-nio-8084-exec-4] DEBUG [4239faf6-b293-4069-a42b-dafa932f1137] [user=anon] c.c.incident.filter.JwtAuthFilter - Auth via direct JWT: john@comnet360.com role: NETWORK_ENGINEER
2026-05-03 20:58:33.812 [http-nio-8084-exec-4] WARN  [4239faf6-b293-4069-a42b-dafa932f1137] [user=anon] c.c.i.e.GlobalExceptionHandler - Bad request: Cannot update a completed action
2026-05-03 20:58:33.815 [http-nio-8084-exec-4] INFO  [4239faf6-b293-4069-a42b-dafa932f1137] [user=anon] c.c.i.filter.RequestLoggingFilter - ← PUT /api/actions/1/status | status=400 | 21ms
2026-05-03 20:59:05.128 [http-nio-8084-exec-7] INFO  [126a883e-a9d2-4c63-8cad-97079e788fa8] [user=anon] c.c.i.filter.RequestLoggingFilter - → PUT /api/incidents/1/resolve
2026-05-03 20:59:05.138 [http-nio-8084-exec-7] DEBUG [126a883e-a9d2-4c63-8cad-97079e788fa8] [user=anon] c.c.incident.filter.JwtAuthFilter - Auth via direct JWT: john@comnet360.com role: NETWORK_ENGINEER
2026-05-03 20:59:05.148 [http-nio-8084-exec-7] INFO  [126a883e-a9d2-4c63-8cad-97079e788fa8] [user=anon] c.c.incident.service.IncidentService - Incident 1 resolved
2026-05-03 20:59:05.157 [http-nio-8084-exec-7] INFO  [126a883e-a9d2-4c63-8cad-97079e788fa8] [user=anon] c.c.i.filter.RequestLoggingFilter - ← PUT /api/incidents/1/resolve | status=200 | 29ms
2026-05-03 20:59:12.052 [http-nio-8084-exec-8] INFO  [7b5a7191-25b4-43d0-b1d2-da121350a077] [user=anon] c.c.i.filter.RequestLoggingFilter - → PUT /api/incidents/1/resolve
2026-05-03 20:59:12.055 [http-nio-8084-exec-8] DEBUG [7b5a7191-25b4-43d0-b1d2-da121350a077] [user=anon] c.c.incident.filter.JwtAuthFilter - Auth via direct JWT: john@comnet360.com role: NETWORK_ENGINEER
2026-05-03 20:59:12.063 [http-nio-8084-exec-8] WARN  [7b5a7191-25b4-43d0-b1d2-da121350a077] [user=anon] c.c.i.e.GlobalExceptionHandler - Bad request: Invalid status transition from RESOLVED to RESOLVED
2026-05-03 20:59:12.066 [http-nio-8084-exec-8] INFO  [7b5a7191-25b4-43d0-b1d2-da121350a077] [user=anon] c.c.i.filter.RequestLoggingFilter - ← PUT /api/incidents/1/resolve | status=400 | 14ms
2026-05-03 21:00:43.850 [http-nio-8084-exec-9] INFO  [d094e0a0-2e31-4955-a980-400fdd16868e] [user=anon] c.c.i.filter.RequestLoggingFilter - → PUT /api/incidents/1/close
2026-05-03 21:00:43.862 [http-nio-8084-exec-9] DEBUG [d094e0a0-2e31-4955-a980-400fdd16868e] [user=anon] c.c.incident.filter.JwtAuthFilter - Auth via direct JWT: john@comnet360.com role: NETWORK_ENGINEER
2026-05-03 21:00:43.881 [http-nio-8084-exec-9] INFO  [d094e0a0-2e31-4955-a980-400fdd16868e] [user=anon] c.c.i.filter.RequestLoggingFilter - ← PUT /api/incidents/1/close | status=403 | 31ms
2026-05-03 21:01:19.439 [http-nio-8084-exec-3] INFO  [96d5f4e8-d857-4dad-87a9-6c06655ad38a] [user=anon] c.c.i.filter.RequestLoggingFilter - → PUT /api/incidents/1/close
2026-05-03 21:01:19.443 [http-nio-8084-exec-3] DEBUG [96d5f4e8-d857-4dad-87a9-6c06655ad38a] [user=anon] c.c.incident.filter.JwtAuthFilter - Auth via direct JWT: sarah@comnet360.com role: SERVICE_MANAGER
2026-05-03 21:01:19.451 [http-nio-8084-exec-3] INFO  [96d5f4e8-d857-4dad-87a9-6c06655ad38a] [user=anon] c.c.incident.service.IncidentService - Incident 1 closed
2026-05-03 21:01:19.462 [http-nio-8084-exec-3] INFO  [96d5f4e8-d857-4dad-87a9-6c06655ad38a] [user=anon] c.c.i.filter.RequestLoggingFilter - ← PUT /api/incidents/1/close | status=200 | 23ms
2026-05-03 21:01:19.659 [http-nio-8084-exec-1] INFO  [605a25d3-2bf6-4dc0-b70a-9d1adb379954] [user=anon] c.c.i.filter.RequestLoggingFilter - → PUT /api/incidents/1/close
2026-05-03 21:01:19.664 [http-nio-8084-exec-1] DEBUG [605a25d3-2bf6-4dc0-b70a-9d1adb379954] [user=anon] c.c.incident.filter.JwtAuthFilter - Auth via direct JWT: sarah@comnet360.com role: SERVICE_MANAGER
2026-05-03 21:01:19.671 [http-nio-8084-exec-1] WARN  [605a25d3-2bf6-4dc0-b70a-9d1adb379954] [user=anon] c.c.i.e.GlobalExceptionHandler - Bad request: Invalid status transition from CLOSED to CLOSED
2026-05-03 21:01:19.673 [http-nio-8084-exec-1] INFO  [605a25d3-2bf6-4dc0-b70a-9d1adb379954] [user=anon] c.c.i.filter.RequestLoggingFilter - ← PUT /api/incidents/1/close | status=400 | 14ms
2026-05-03 21:01:41.713 [AsyncResolver-bootstrap-executor-0] INFO  [NOCORR] [user=anon] c.n.d.s.r.aws.ConfigClusterResolver - Resolving eureka endpoints via configuration
2026-05-03 21:02:07.084 [http-nio-8084-exec-2] INFO  [5b060e33-0fb3-48ca-a98e-3579a66780d1] [user=anon] c.c.i.filter.RequestLoggingFilter - → GET /api/incidents/1/comments
2026-05-03 21:02:07.094 [http-nio-8084-exec-2] DEBUG [5b060e33-0fb3-48ca-a98e-3579a66780d1] [user=anon] c.c.incident.filter.JwtAuthFilter - Auth via direct JWT: sarah@comnet360.com role: SERVICE_MANAGER
2026-05-03 21:02:07.157 [http-nio-8084-exec-2] INFO  [5b060e33-0fb3-48ca-a98e-3579a66780d1] [user=anon] c.c.i.filter.RequestLoggingFilter - ← GET /api/incidents/1/comments | status=200 | 73ms
2026-05-03 21:04:22.501 [http-nio-8084-exec-5] INFO  [3033cb17-4551-4f12-bd04-d8f305900a05] [user=anon] c.c.i.filter.RequestLoggingFilter - → GET /api/incidents
2026-05-03 21:04:22.512 [http-nio-8084-exec-5] DEBUG [3033cb17-4551-4f12-bd04-d8f305900a05] [user=anon] c.c.incident.filter.JwtAuthFilter - Auth via direct JWT: sarah@comnet360.com role: SERVICE_MANAGER
2026-05-03 21:04:22.558 [http-nio-8084-exec-5] INFO  [3033cb17-4551-4f12-bd04-d8f305900a05] [user=anon] c.c.i.filter.RequestLoggingFilter - ← GET /api/incidents | status=200 | 57ms
2026-05-03 21:06:43.053 [AsyncResolver-bootstrap-executor-0] INFO  [NOCORR] [user=anon] c.n.d.s.r.aws.ConfigClusterResolver - Resolving eureka endpoints via configuration
2026-05-03 21:11:43.068 [AsyncResolver-bootstrap-executor-0] INFO  [NOCORR] [user=anon] c.n.d.s.r.aws.ConfigClusterResolver - Resolving eureka endpoints via configuration
2026-05-03 21:16:47.022 [AsyncResolver-bootstrap-executor-0] INFO  [NOCORR] [user=anon] c.n.d.s.r.aws.ConfigClusterResolver - Resolving eureka endpoints via configuration
2026-05-03 21:29:59.893 [DiscoveryClient-HeartbeatExecutor-0] INFO  [NOCORR] [user=anon] c.netflix.discovery.DiscoveryClient - DiscoveryClient_INCIDENT-SERVICE/incident-service:8084 - Re-registering apps/INCIDENT-SERVICE
2026-05-03 21:29:59.894 [DiscoveryClient-HeartbeatExecutor-0] INFO  [NOCORR] [user=anon] c.netflix.discovery.DiscoveryClient - DiscoveryClient_INCIDENT-SERVICE/incident-service:8084: registering service...
2026-05-03 21:29:59.931 [DiscoveryClient-HeartbeatExecutor-0] INFO  [NOCORR] [user=anon] c.netflix.discovery.DiscoveryClient - DiscoveryClient_INCIDENT-SERVICE/incident-service:8084 - registration status: 204
2026-05-03 21:34:53.231 [DiscoveryClient-HeartbeatExecutor-0] INFO  [NOCORR] [user=anon] c.netflix.discovery.DiscoveryClient - DiscoveryClient_INCIDENT-SERVICE/incident-service:8084 - Re-registering apps/INCIDENT-SERVICE
2026-05-03 21:34:53.233 [DiscoveryClient-HeartbeatExecutor-0] INFO  [NOCORR] [user=anon] c.netflix.discovery.DiscoveryClient - DiscoveryClient_INCIDENT-SERVICE/incident-service:8084: registering service...
2026-05-03 21:34:53.244 [DiscoveryClient-HeartbeatExecutor-0] INFO  [NOCORR] [user=anon] c.netflix.discovery.DiscoveryClient - DiscoveryClient_INCIDENT-SERVICE/incident-service:8084 - registration status: 204
2026-05-03 21:35:02.699 [HikariPool-1 housekeeper] WARN  [NOCORR] [user=anon] com.zaxxer.hikari.pool.HikariPool - HikariPool-1 - Thread starvation or clock leap detected (housekeeper delta=17m20s457ms335µs800ns).
2026-05-03 21:37:37.478 [http-nio-8084-exec-4] INFO  [f2892e10-2e72-4607-be7f-f143194d8a44] [user=0] c.c.i.filter.RequestLoggingFilter - → GET /api/incidents
2026-05-03 21:37:37.482 [http-nio-8084-exec-4] DEBUG [f2892e10-2e72-4607-be7f-f143194d8a44] [user=0] c.c.incident.filter.JwtAuthFilter - Auth via gateway headers: analytics@comnet360.internal role: ADMIN
2026-05-03 21:37:37.504 [http-nio-8084-exec-4] INFO  [f2892e10-2e72-4607-be7f-f143194d8a44] [user=0] c.c.i.filter.RequestLoggingFilter - ← GET /api/incidents | status=200 | 25ms
2026-05-03 21:38:37.467 [AsyncResolver-bootstrap-executor-0] INFO  [NOCORR] [user=anon] c.n.d.s.r.aws.ConfigClusterResolver - Resolving eureka endpoints via configuration
2026-05-03 21:38:38.188 [http-nio-8084-exec-8] INFO  [5e3f6668-e3ed-477a-a8bc-aa4b1e3e6868] [user=0] c.c.i.filter.RequestLoggingFilter - → GET /api/incidents
2026-05-03 21:38:38.194 [http-nio-8084-exec-8] DEBUG [5e3f6668-e3ed-477a-a8bc-aa4b1e3e6868] [user=0] c.c.incident.filter.JwtAuthFilter - Auth via gateway headers: analytics@comnet360.internal role: ADMIN
2026-05-03 21:38:38.221 [http-nio-8084-exec-8] INFO  [5e3f6668-e3ed-477a-a8bc-aa4b1e3e6868] [user=0] c.c.i.filter.RequestLoggingFilter - ← GET /api/incidents | status=200 | 33ms
2026-05-03 21:39:54.528 [http-nio-8084-exec-3] INFO  [7709aa4f-30ff-40b5-ada7-5479b7b75226] [user=0] c.c.i.filter.RequestLoggingFilter - → GET /api/incidents
2026-05-03 21:39:54.533 [http-nio-8084-exec-3] DEBUG [7709aa4f-30ff-40b5-ada7-5479b7b75226] [user=0] c.c.incident.filter.JwtAuthFilter - Auth via gateway headers: analytics@comnet360.internal role: ADMIN
2026-05-03 21:39:54.556 [http-nio-8084-exec-3] INFO  [7709aa4f-30ff-40b5-ada7-5479b7b75226] [user=0] c.c.i.filter.RequestLoggingFilter - ← GET /api/incidents | status=200 | 28ms
2026-05-03 21:43:37.484 [AsyncResolver-bootstrap-executor-0] INFO  [NOCORR] [user=anon] c.n.d.s.r.aws.ConfigClusterResolver - Resolving eureka endpoints via configuration
2026-05-03 21:48:37.501 [AsyncResolver-bootstrap-executor-0] INFO  [NOCORR] [user=anon] c.n.d.s.r.aws.ConfigClusterResolver - Resolving eureka endpoints via configuration
2026-05-03 21:53:37.503 [AsyncResolver-bootstrap-executor-0] INFO  [NOCORR] [user=anon] c.n.d.s.r.aws.ConfigClusterResolver - Resolving eureka endpoints via configuration
2026-05-03 21:57:02.271 [http-nio-8084-exec-2] INFO  [a803d1cf-4972-4726-83ca-3fc2054bbb66] [user=0] c.c.i.filter.RequestLoggingFilter - → GET /api/incidents
2026-05-03 21:57:02.275 [http-nio-8084-exec-2] DEBUG [a803d1cf-4972-4726-83ca-3fc2054bbb66] [user=0] c.c.incident.filter.JwtAuthFilter - Auth via gateway headers: analytics@comnet360.internal role: ADMIN
2026-05-03 21:57:02.304 [http-nio-8084-exec-2] INFO  [a803d1cf-4972-4726-83ca-3fc2054bbb66] [user=0] c.c.i.filter.RequestLoggingFilter - ← GET /api/incidents | status=200 | 32ms
2026-05-03 21:58:37.516 [AsyncResolver-bootstrap-executor-0] INFO  [NOCORR] [user=anon] c.n.d.s.r.aws.ConfigClusterResolver - Resolving eureka endpoints via configuration
2026-05-03 22:03:10.541 [HikariPool-1 housekeeper] WARN  [NOCORR] [user=anon] com.zaxxer.hikari.pool.HikariPool - HikariPool-1 - Thread starvation or clock leap detected (housekeeper delta=1m37s462ms342µs899ns).
2026-05-03 22:04:44.971 [AsyncResolver-bootstrap-executor-0] INFO  [NOCORR] [user=anon] c.n.d.s.r.aws.ConfigClusterResolver - Resolving eureka endpoints via configuration
2026-05-03 22:09:44.984 [AsyncResolver-bootstrap-executor-0] INFO  [NOCORR] [user=anon] c.n.d.s.r.aws.ConfigClusterResolver - Resolving eureka endpoints via configuration
2026-05-03 22:11:28.287 [HikariPool-1 housekeeper] WARN  [NOCORR] [user=anon] com.zaxxer.hikari.pool.HikariPool - HikariPool-1 - Thread starvation or clock leap detected (housekeeper delta=1m17s659ms680µs499ns).
2026-05-03 22:15:32.646 [AsyncResolver-bootstrap-executor-0] INFO  [NOCORR] [user=anon] c.n.d.s.r.aws.ConfigClusterResolver - Resolving eureka endpoints via configuration
2026-05-03 22:17:43.996 [DiscoveryClient-HeartbeatExecutor-0] INFO  [NOCORR] [user=anon] c.n.d.s.t.d.RedirectingEurekaHttpClient - Request execution error. endpoint=DefaultEndpoint{ serviceUrl='http://localhost:8761/eureka/} exception=I/O error on PUT request for "http://localhost:8761/eureka/apps/INCIDENT-SERVICE/incident-service:8084": Connect to http://localhost:8761 [localhost/127.0.0.1, localhost/0:0:0:0:0:0:0:1] failed: Connection refused: getsockopt stacktrace=org.springframework.web.client.ResourceAccessException: I/O error on PUT request for "http://localhost:8761/eureka/apps/INCIDENT-SERVICE/incident-service:8084": Connect to http://localhost:8761 [localhost/127.0.0.1, localhost/0:0:0:0:0:0:0:1] failed: Connection refused: getsockopt
	at org.springframework.web.client.RestTemplate.createResourceAccessException(RestTemplate.java:915)
	at org.springframework.web.client.RestTemplate.doExecute(RestTemplate.java:895)
	at org.springframework.web.client.RestTemplate.execute(RestTemplate.java:790)
	at org.springframework.web.client.RestTemplate.exchange(RestTemplate.java:672)
	at org.springframework.cloud.netflix.eureka.http.RestTemplateEurekaHttpClient.sendHeartBeat(RestTemplateEurekaHttpClient.java:99)
	at com.netflix.discovery.shared.transport.decorator.EurekaHttpClientDecorator$3.execute(EurekaHttpClientDecorator.java:92)
	at com.netflix.discovery.shared.transport.decorator.RedirectingEurekaHttpClient.execute(RedirectingEurekaHttpClient.java:91)
	at com.netflix.discovery.shared.transport.decorator.EurekaHttpClientDecorator.sendHeartBeat(EurekaHttpClientDecorator.java:89)
	at com.netflix.discovery.shared.transport.decorator.EurekaHttpClientDecorator$3.execute(EurekaHttpClientDecorator.java:92)
	at com.netflix.discovery.shared.transport.decorator.RetryableEurekaHttpClient.execute(RetryableEurekaHttpClient.java:120)
	at com.netflix.discovery.shared.transport.decorator.EurekaHttpClientDecorator.sendHeartBeat(EurekaHttpClientDecorator.java:89)
	at com.netflix.discovery.shared.transport.decorator.EurekaHttpClientDecorator$3.execute(EurekaHttpClientDecorator.java:92)
	at com.netflix.discovery.shared.transport.decorator.SessionedEurekaHttpClient.execute(SessionedEurekaHttpClient.java:77)
	at com.netflix.discovery.shared.transport.decorator.EurekaHttpClientDecorator.sendHeartBeat(EurekaHttpClientDecorator.java:89)
	at com.netflix.discovery.DiscoveryClient.renew(DiscoveryClient.java:837)
	at com.netflix.discovery.DiscoveryClient$HeartbeatThread.run(DiscoveryClient.java:1401)
	at java.base/java.util.concurrent.Executors$RunnableAdapter.call(Executors.java:572)
	at java.base/java.util.concurrent.FutureTask.run(FutureTask.java:317)
	at java.base/java.util.concurrent.ThreadPoolExecutor.runWorker(ThreadPoolExecutor.java:1144)
	at java.base/java.util.concurrent.ThreadPoolExecutor$Worker.run(ThreadPoolExecutor.java:642)
	at java.base/java.lang.Thread.run(Thread.java:1583)
Caused by: org.apache.hc.client5.http.HttpHostConnectException: Connect to http://localhost:8761 [localhost/127.0.0.1, localhost/0:0:0:0:0:0:0:1] failed: Connection refused: getsockopt
	at java.base/sun.nio.ch.Net.pollConnect(Native Method)
	at java.base/sun.nio.ch.Net.pollConnectNow(Net.java:682)
	at java.base/sun.nio.ch.NioSocketImpl.timedFinishConnect(NioSocketImpl.java:542)
	at java.base/sun.nio.ch.NioSocketImpl.connect(NioSocketImpl.java:592)
	at java.base/java.net.SocksSocketImpl.connect(SocksSocketImpl.java:327)
	at java.base/java.net.Socket.connect(Socket.java:751)
	at org.apache.hc.client5.http.socket.PlainConnectionSocketFactory.lambda$connectSocket$0(PlainConnectionSocketFactory.java:91)
	at java.base/java.security.AccessController.doPrivileged(AccessController.java:571)
	at org.apache.hc.client5.http.socket.PlainConnectionSocketFactory.connectSocket(PlainConnectionSocketFactory.java:90)
	at org.apache.hc.client5.http.socket.ConnectionSocketFactory.connectSocket(ConnectionSocketFactory.java:123)
	at org.apache.hc.client5.http.impl.io.DefaultHttpClientConnectionOperator.connect(DefaultHttpClientConnectionOperator.java:184)
	at org.apache.hc.client5.http.impl.io.PoolingHttpClientConnectionManager.connect(PoolingHttpClientConnectionManager.java:447)
	at org.apache.hc.client5.http.impl.classic.InternalExecRuntime.connectEndpoint(InternalExecRuntime.java:162)
	at org.apache.hc.client5.http.impl.classic.InternalExecRuntime.connectEndpoint(InternalExecRuntime.java:172)
	at org.apache.hc.client5.http.impl.classic.ConnectExec.execute(ConnectExec.java:142)
	at org.apache.hc.client5.http.impl.classic.ExecChainElement.execute(ExecChainElement.java:51)
	at org.apache.hc.client5.http.impl.classic.ProtocolExec.execute(ProtocolExec.java:192)
	at org.apache.hc.client5.http.impl.classic.ExecChainElement.execute(ExecChainElement.java:51)
	at org.apache.hc.client5.http.impl.classic.HttpRequestRetryExec.execute(HttpRequestRetryExec.java:96)
	at org.apache.hc.client5.http.impl.classic.ExecChainElement.execute(ExecChainElement.java:51)
	at org.apache.hc.client5.http.impl.classic.ContentCompressionExec.execute(ContentCompressionExec.java:152)
	at org.apache.hc.client5.http.impl.classic.ExecChainElement.execute(ExecChainElement.java:51)
	at org.apache.hc.client5.http.impl.classic.RedirectExec.execute(RedirectExec.java:115)
	at org.apache.hc.client5.http.impl.classic.ExecChainElement.execute(ExecChainElement.java:51)
	at org.apache.hc.client5.http.impl.classic.InternalHttpClient.doExecute(InternalHttpClient.java:170)
	at org.apache.hc.client5.http.impl.classic.CloseableHttpClient.execute(CloseableHttpClient.java:87)
	at org.apache.hc.client5.http.impl.classic.CloseableHttpClient.execute(CloseableHttpClient.java:55)
	at org.apache.hc.client5.http.classic.HttpClient.executeOpen(HttpClient.java:183)
	at org.springframework.http.client.HttpComponentsClientHttpRequest.executeInternal(HttpComponentsClientHttpRequest.java:95)
	at org.springframework.http.client.AbstractStreamingClientHttpRequest.executeInternal(AbstractStreamingClientHttpRequest.java:70)
	at org.springframework.http.client.AbstractClientHttpRequest.execute(AbstractClientHttpRequest.java:66)
	at org.springframework.http.client.InterceptingClientHttpRequest$InterceptingRequestExecution.execute(InterceptingClientHttpRequest.java:112)
	at org.springframework.cloud.netflix.eureka.http.RestTemplateTransportClientFactory.lambda$restTemplate$0(RestTemplateTransportClientFactory.java:143)
	at org.springframework.http.client.InterceptingClientHttpRequest$InterceptingRequestExecution.execute(InterceptingClientHttpRequest.java:88)
	at org.springframework.http.client.InterceptingClientHttpRequest.executeInternal(InterceptingClientHttpRequest.java:72)
	at org.springframework.http.client.AbstractBufferingClientHttpRequest.executeInternal(AbstractBufferingClientHttpRequest.java:48)
	at org.springframework.http.client.AbstractClientHttpRequest.execute(AbstractClientHttpRequest.java:66)
	at org.springframework.web.client.RestTemplate.doExecute(RestTemplate.java:889)
	... 19 more

2026-05-03 22:17:43.997 [DiscoveryClient-HeartbeatExecutor-0] WARN  [NOCORR] [user=anon] c.n.d.s.t.d.RetryableEurekaHttpClient - Request execution failed with message: I/O error on PUT request for "http://localhost:8761/eureka/apps/INCIDENT-SERVICE/incident-service:8084": Connect to http://localhost:8761 [localhost/127.0.0.1, localhost/0:0:0:0:0:0:0:1] failed: Connection refused: getsockopt
2026-05-03 22:17:44.047 [DiscoveryClient-HeartbeatExecutor-0] INFO  [NOCORR] [user=anon] c.n.d.s.t.d.RedirectingEurekaHttpClient - Request execution error. endpoint=DefaultEndpoint{ serviceUrl='http://localhost:8761/eureka/}, exception=I/O error on PUT request for "http://localhost:8761/eureka/apps/INCIDENT-SERVICE/incident-service:8084": Connect to http://localhost:8761 [localhost/127.0.0.1, localhost/0:0:0:0:0:0:0:1] failed: Connection refused: getsockopt stacktrace=org.springframework.web.client.ResourceAccessException: I/O error on PUT request for "http://localhost:8761/eureka/apps/INCIDENT-SERVICE/incident-service:8084": Connect to http://localhost:8761 [localhost/127.0.0.1, localhost/0:0:0:0:0:0:0:1] failed: Connection refused: getsockopt
	at org.springframework.web.client.RestTemplate.createResourceAccessException(RestTemplate.java:915)
	at org.springframework.web.client.RestTemplate.doExecute(RestTemplate.java:895)
	at org.springframework.web.client.RestTemplate.execute(RestTemplate.java:790)
	at org.springframework.web.client.RestTemplate.exchange(RestTemplate.java:672)
	at org.springframework.cloud.netflix.eureka.http.RestTemplateEurekaHttpClient.sendHeartBeat(RestTemplateEurekaHttpClient.java:99)
	at com.netflix.discovery.shared.transport.decorator.EurekaHttpClientDecorator$3.execute(EurekaHttpClientDecorator.java:92)
	at com.netflix.discovery.shared.transport.decorator.RedirectingEurekaHttpClient.executeOnNewServer(RedirectingEurekaHttpClient.java:121)
	at com.netflix.discovery.shared.transport.decorator.RedirectingEurekaHttpClient.execute(RedirectingEurekaHttpClient.java:80)
	at com.netflix.discovery.shared.transport.decorator.EurekaHttpClientDecorator.sendHeartBeat(EurekaHttpClientDecorator.java:89)
	at com.netflix.discovery.shared.transport.decorator.EurekaHttpClientDecorator$3.execute(EurekaHttpClientDecorator.java:92)
	at com.netflix.discovery.shared.transport.decorator.RetryableEurekaHttpClient.execute(RetryableEurekaHttpClient.java:120)
	at com.netflix.discovery.shared.transport.decorator.EurekaHttpClientDecorator.sendHeartBeat(EurekaHttpClientDecorator.java:89)
	at com.netflix.discovery.shared.transport.decorator.EurekaHttpClientDecorator$3.execute(EurekaHttpClientDecorator.java:92)
	at com.netflix.discovery.shared.transport.decorator.SessionedEurekaHttpClient.execute(SessionedEurekaHttpClient.java:77)
	at com.netflix.discovery.shared.transport.decorator.EurekaHttpClientDecorator.sendHeartBeat(EurekaHttpClientDecorator.java:89)
	at com.netflix.discovery.DiscoveryClient.renew(DiscoveryClient.java:837)
	at com.netflix.discovery.DiscoveryClient$HeartbeatThread.run(DiscoveryClient.java:1401)
	at java.base/java.util.concurrent.Executors$RunnableAdapter.call(Executors.java:572)
	at java.base/java.util.concurrent.FutureTask.run(FutureTask.java:317)
	at java.base/java.util.concurrent.ThreadPoolExecutor.runWorker(ThreadPoolExecutor.java:1144)
	at java.base/java.util.concurrent.ThreadPoolExecutor$Worker.run(ThreadPoolExecutor.java:642)
	at java.base/java.lang.Thread.run(Thread.java:1583)
Caused by: org.apache.hc.client5.http.HttpHostConnectException: Connect to http://localhost:8761 [localhost/127.0.0.1, localhost/0:0:0:0:0:0:0:1] failed: Connection refused: getsockopt
	at java.base/sun.nio.ch.Net.pollConnect(Native Method)
	at java.base/sun.nio.ch.Net.pollConnectNow(Net.java:682)
	at java.base/sun.nio.ch.NioSocketImpl.timedFinishConnect(NioSocketImpl.java:542)
	at java.base/sun.nio.ch.NioSocketImpl.connect(NioSocketImpl.java:592)
	at java.base/java.net.SocksSocketImpl.connect(SocksSocketImpl.java:327)
	at java.base/java.net.Socket.connect(Socket.java:751)
	at org.apache.hc.client5.http.socket.PlainConnectionSocketFactory.lambda$connectSocket$0(PlainConnectionSocketFactory.java:91)
	at java.base/java.security.AccessController.doPrivileged(AccessController.java:571)
	at org.apache.hc.client5.http.socket.PlainConnectionSocketFactory.connectSocket(PlainConnectionSocketFactory.java:90)
	at org.apache.hc.client5.http.socket.ConnectionSocketFactory.connectSocket(ConnectionSocketFactory.java:123)
	at org.apache.hc.client5.http.impl.io.DefaultHttpClientConnectionOperator.connect(DefaultHttpClientConnectionOperator.java:184)
	at org.apache.hc.client5.http.impl.io.PoolingHttpClientConnectionManager.connect(PoolingHttpClientConnectionManager.java:447)
	at org.apache.hc.client5.http.impl.classic.InternalExecRuntime.connectEndpoint(InternalExecRuntime.java:162)
	at org.apache.hc.client5.http.impl.classic.InternalExecRuntime.connectEndpoint(InternalExecRuntime.java:172)
	at org.apache.hc.client5.http.impl.classic.ConnectExec.execute(ConnectExec.java:142)
	at org.apache.hc.client5.http.impl.classic.ExecChainElement.execute(ExecChainElement.java:51)
	at org.apache.hc.client5.http.impl.classic.ProtocolExec.execute(ProtocolExec.java:192)
	at org.apache.hc.client5.http.impl.classic.ExecChainElement.execute(ExecChainElement.java:51)
	at org.apache.hc.client5.http.impl.classic.HttpRequestRetryExec.execute(HttpRequestRetryExec.java:96)
	at org.apache.hc.client5.http.impl.classic.ExecChainElement.execute(ExecChainElement.java:51)
	at org.apache.hc.client5.http.impl.classic.ContentCompressionExec.execute(ContentCompressionExec.java:152)
	at org.apache.hc.client5.http.impl.classic.ExecChainElement.execute(ExecChainElement.java:51)
	at org.apache.hc.client5.http.impl.classic.RedirectExec.execute(RedirectExec.java:115)
	at org.apache.hc.client5.http.impl.classic.ExecChainElement.execute(ExecChainElement.java:51)
	at org.apache.hc.client5.http.impl.classic.InternalHttpClient.doExecute(InternalHttpClient.java:170)
	at org.apache.hc.client5.http.impl.classic.CloseableHttpClient.execute(CloseableHttpClient.java:87)
	at org.apache.hc.client5.http.impl.classic.CloseableHttpClient.execute(CloseableHttpClient.java:55)
	at org.apache.hc.client5.http.classic.HttpClient.executeOpen(HttpClient.java:183)
	at org.springframework.http.client.HttpComponentsClientHttpRequest.executeInternal(HttpComponentsClientHttpRequest.java:95)
	at org.springframework.http.client.AbstractStreamingClientHttpRequest.executeInternal(AbstractStreamingClientHttpRequest.java:70)
	at org.springframework.http.client.AbstractClientHttpRequest.execute(AbstractClientHttpRequest.java:66)
	at org.springframework.http.client.InterceptingClientHttpRequest$InterceptingRequestExecution.execute(InterceptingClientHttpRequest.java:112)
	at org.springframework.cloud.netflix.eureka.http.RestTemplateTransportClientFactory.lambda$restTemplate$0(RestTemplateTransportClientFactory.java:143)
	at org.springframework.http.client.InterceptingClientHttpRequest$InterceptingRequestExecution.execute(InterceptingClientHttpRequest.java:88)
	at org.springframework.http.client.InterceptingClientHttpRequest.executeInternal(InterceptingClientHttpRequest.java:72)
	at org.springframework.http.client.AbstractBufferingClientHttpRequest.executeInternal(AbstractBufferingClientHttpRequest.java:48)
	at org.springframework.http.client.AbstractClientHttpRequest.execute(AbstractClientHttpRequest.java:66)
	at org.springframework.web.client.RestTemplate.doExecute(RestTemplate.java:889)
	... 20 more

2026-05-03 22:17:44.047 [DiscoveryClient-HeartbeatExecutor-0] WARN  [NOCORR] [user=anon] c.n.d.s.t.d.RetryableEurekaHttpClient - Request execution failed with message: I/O error on PUT request for "http://localhost:8761/eureka/apps/INCIDENT-SERVICE/incident-service:8084": Connect to http://localhost:8761 [localhost/127.0.0.1, localhost/0:0:0:0:0:0:0:1] failed: Connection refused: getsockopt
2026-05-03 22:17:44.048 [DiscoveryClient-HeartbeatExecutor-0] ERROR [NOCORR] [user=anon] c.netflix.discovery.DiscoveryClient - DiscoveryClient_INCIDENT-SERVICE/incident-service:8084 - was unable to send heartbeat!
com.netflix.discovery.shared.transport.TransportException: Cannot execute request on any known server
	at com.netflix.discovery.shared.transport.decorator.RetryableEurekaHttpClient.execute(RetryableEurekaHttpClient.java:112)
	at com.netflix.discovery.shared.transport.decorator.EurekaHttpClientDecorator.sendHeartBeat(EurekaHttpClientDecorator.java:89)
	at com.netflix.discovery.shared.transport.decorator.EurekaHttpClientDecorator$3.execute(EurekaHttpClientDecorator.java:92)
	at com.netflix.discovery.shared.transport.decorator.SessionedEurekaHttpClient.execute(SessionedEurekaHttpClient.java:77)
	at com.netflix.discovery.shared.transport.decorator.EurekaHttpClientDecorator.sendHeartBeat(EurekaHttpClientDecorator.java:89)
	at com.netflix.discovery.DiscoveryClient.renew(DiscoveryClient.java:837)
	at com.netflix.discovery.DiscoveryClient$HeartbeatThread.run(DiscoveryClient.java:1401)
	at java.base/java.util.concurrent.Executors$RunnableAdapter.call(Executors.java:572)
	at java.base/java.util.concurrent.FutureTask.run(FutureTask.java:317)
	at java.base/java.util.concurrent.ThreadPoolExecutor.runWorker(ThreadPoolExecutor.java:1144)
	at java.base/java.util.concurrent.ThreadPoolExecutor$Worker.run(ThreadPoolExecutor.java:642)
	at java.base/java.lang.Thread.run(Thread.java:1583)
2026-05-03 22:17:52.795 [SpringApplicationShutdownHook] INFO  [NOCORR] [user=anon] o.s.c.n.e.s.EurekaServiceRegistry - Unregistering application INCIDENT-SERVICE with eureka with status DOWN
2026-05-03 22:17:52.796 [SpringApplicationShutdownHook] INFO  [NOCORR] [user=anon] c.netflix.discovery.DiscoveryClient - Saw local status change event StatusChangeEvent [timestamp=1777826872796, current=DOWN, previous=UP]
2026-05-03 22:17:52.797 [DiscoveryClient-InstanceInfoReplicator-0] INFO  [NOCORR] [user=anon] c.netflix.discovery.DiscoveryClient - DiscoveryClient_INCIDENT-SERVICE/incident-service:8084: registering service...
2026-05-03 22:17:52.864 [DiscoveryClient-InstanceInfoReplicator-0] INFO  [NOCORR] [user=anon] c.n.d.s.t.d.RedirectingEurekaHttpClient - Request execution error. endpoint=DefaultEndpoint{ serviceUrl='http://localhost:8761/eureka/}, exception=I/O error on POST request for "http://localhost:8761/eureka/apps/INCIDENT-SERVICE": Socket closed stacktrace=org.springframework.web.client.ResourceAccessException: I/O error on POST request for "http://localhost:8761/eureka/apps/INCIDENT-SERVICE": Socket closed
	at org.springframework.web.client.RestTemplate.createResourceAccessException(RestTemplate.java:915)
	at org.springframework.web.client.RestTemplate.doExecute(RestTemplate.java:895)
	at org.springframework.web.client.RestTemplate.execute(RestTemplate.java:790)
	at org.springframework.web.client.RestTemplate.exchange(RestTemplate.java:672)
	at org.springframework.cloud.netflix.eureka.http.RestTemplateEurekaHttpClient.register(RestTemplateEurekaHttpClient.java:77)
	at com.netflix.discovery.shared.transport.decorator.EurekaHttpClientDecorator$1.execute(EurekaHttpClientDecorator.java:59)
	at com.netflix.discovery.shared.transport.decorator.RedirectingEurekaHttpClient.executeOnNewServer(RedirectingEurekaHttpClient.java:121)
	at com.netflix.discovery.shared.transport.decorator.RedirectingEurekaHttpClient.execute(RedirectingEurekaHttpClient.java:80)
	at com.netflix.discovery.shared.transport.decorator.EurekaHttpClientDecorator.register(EurekaHttpClientDecorator.java:56)
	at com.netflix.discovery.shared.transport.decorator.EurekaHttpClientDecorator$1.execute(EurekaHttpClientDecorator.java:59)
	at com.netflix.discovery.shared.transport.decorator.RetryableEurekaHttpClient.execute(RetryableEurekaHttpClient.java:120)
	at com.netflix.discovery.shared.transport.decorator.EurekaHttpClientDecorator.register(EurekaHttpClientDecorator.java:56)
	at com.netflix.discovery.shared.transport.decorator.EurekaHttpClientDecorator$1.execute(EurekaHttpClientDecorator.java:59)
	at com.netflix.discovery.shared.transport.decorator.SessionedEurekaHttpClient.execute(SessionedEurekaHttpClient.java:77)
	at com.netflix.discovery.shared.transport.decorator.EurekaHttpClientDecorator.register(EurekaHttpClientDecorator.java:56)
	at com.netflix.discovery.DiscoveryClient.register(DiscoveryClient.java:820)
	at com.netflix.discovery.InstanceInfoReplicator.run(InstanceInfoReplicator.java:121)
	at com.netflix.discovery.InstanceInfoReplicator$1.run(InstanceInfoReplicator.java:101)
	at java.base/java.util.concurrent.Executors$RunnableAdapter.call(Executors.java:572)
	at java.base/java.util.concurrent.FutureTask.run(FutureTask.java:317)
	at java.base/java.util.concurrent.ScheduledThreadPoolExecutor$ScheduledFutureTask.run(ScheduledThreadPoolExecutor.java:304)
	at java.base/java.util.concurrent.ThreadPoolExecutor.runWorker(ThreadPoolExecutor.java:1144)
	at java.base/java.util.concurrent.ThreadPoolExecutor$Worker.run(ThreadPoolExecutor.java:642)
	at java.base/java.lang.Thread.run(Thread.java:1583)
Caused by: java.net.SocketException: Socket closed
	at java.base/sun.nio.ch.NioSocketImpl.endConnect(NioSocketImpl.java:531)
	at java.base/sun.nio.ch.NioSocketImpl.connect(NioSocketImpl.java:604)
	at java.base/java.net.SocksSocketImpl.connect(SocksSocketImpl.java:327)
	at java.base/java.net.Socket.connect(Socket.java:751)
	at org.apache.hc.client5.http.socket.PlainConnectionSocketFactory.lambda$connectSocket$0(PlainConnectionSocketFactory.java:91)
	at java.base/java.security.AccessController.doPrivileged(AccessController.java:571)
	at org.apache.hc.client5.http.socket.PlainConnectionSocketFactory.connectSocket(PlainConnectionSocketFactory.java:90)
	at org.apache.hc.client5.http.socket.ConnectionSocketFactory.connectSocket(ConnectionSocketFactory.java:123)
	at org.apache.hc.client5.http.impl.io.DefaultHttpClientConnectionOperator.connect(DefaultHttpClientConnectionOperator.java:184)
	at org.apache.hc.client5.http.impl.io.PoolingHttpClientConnectionManager.connect(PoolingHttpClientConnectionManager.java:447)
	at org.apache.hc.client5.http.impl.classic.InternalExecRuntime.connectEndpoint(InternalExecRuntime.java:162)
	at org.apache.hc.client5.http.impl.classic.InternalExecRuntime.connectEndpoint(InternalExecRuntime.java:172)
	at org.apache.hc.client5.http.impl.classic.ConnectExec.execute(ConnectExec.java:142)
	at org.apache.hc.client5.http.impl.classic.ExecChainElement.execute(ExecChainElement.java:51)
	at org.apache.hc.client5.http.impl.classic.ProtocolExec.execute(ProtocolExec.java:192)
	at org.apache.hc.client5.http.impl.classic.ExecChainElement.execute(ExecChainElement.java:51)
	at org.apache.hc.client5.http.impl.classic.HttpRequestRetryExec.execute(HttpRequestRetryExec.java:96)
	at org.apache.hc.client5.http.impl.classic.ExecChainElement.execute(ExecChainElement.java:51)
	at org.apache.hc.client5.http.impl.classic.ContentCompressionExec.execute(ContentCompressionExec.java:152)
	at org.apache.hc.client5.http.impl.classic.ExecChainElement.execute(ExecChainElement.java:51)
	at org.apache.hc.client5.http.impl.classic.RedirectExec.execute(RedirectExec.java:115)
	at org.apache.hc.client5.http.impl.classic.ExecChainElement.execute(ExecChainElement.java:51)
	at org.apache.hc.client5.http.impl.classic.InternalHttpClient.doExecute(InternalHttpClient.java:170)
	at org.apache.hc.client5.http.impl.classic.CloseableHttpClient.execute(CloseableHttpClient.java:87)
	at org.apache.hc.client5.http.impl.classic.CloseableHttpClient.execute(CloseableHttpClient.java:55)
	at org.apache.hc.client5.http.classic.HttpClient.executeOpen(HttpClient.java:183)
	at org.springframework.http.client.HttpComponentsClientHttpRequest.executeInternal(HttpComponentsClientHttpRequest.java:95)
	at org.springframework.http.client.AbstractStreamingClientHttpRequest.executeInternal(AbstractStreamingClientHttpRequest.java:70)
	at org.springframework.http.client.AbstractClientHttpRequest.execute(AbstractClientHttpRequest.java:66)
	at org.springframework.http.client.InterceptingClientHttpRequest$InterceptingRequestExecution.execute(InterceptingClientHttpRequest.java:112)
	at org.springframework.cloud.netflix.eureka.http.RestTemplateTransportClientFactory.lambda$restTemplate$0(RestTemplateTransportClientFactory.java:143)
	at org.springframework.http.client.InterceptingClientHttpRequest$InterceptingRequestExecution.execute(InterceptingClientHttpRequest.java:88)
	at org.springframework.http.client.InterceptingClientHttpRequest.executeInternal(InterceptingClientHttpRequest.java:72)
	at org.springframework.http.client.AbstractBufferingClientHttpRequest.executeInternal(AbstractBufferingClientHttpRequest.java:48)
	at org.springframework.http.client.AbstractClientHttpRequest.execute(AbstractClientHttpRequest.java:66)
	at org.springframework.web.client.RestTemplate.doExecute(RestTemplate.java:889)
	... 22 more

2026-05-03 22:17:52.865 [DiscoveryClient-InstanceInfoReplicator-0] WARN  [NOCORR] [user=anon] c.n.d.s.t.d.RetryableEurekaHttpClient - Request execution failed with message: I/O error on POST request for "http://localhost:8761/eureka/apps/INCIDENT-SERVICE": Socket closed
2026-05-03 22:17:52.866 [DiscoveryClient-InstanceInfoReplicator-0] WARN  [NOCORR] [user=anon] c.netflix.discovery.DiscoveryClient - DiscoveryClient_INCIDENT-SERVICE/incident-service:8084 - registration failed Cannot execute request on any known server
com.netflix.discovery.shared.transport.TransportException: Cannot execute request on any known server
	at com.netflix.discovery.shared.transport.decorator.RetryableEurekaHttpClient.execute(RetryableEurekaHttpClient.java:112)
	at com.netflix.discovery.shared.transport.decorator.EurekaHttpClientDecorator.register(EurekaHttpClientDecorator.java:56)
	at com.netflix.discovery.shared.transport.decorator.EurekaHttpClientDecorator$1.execute(EurekaHttpClientDecorator.java:59)
	at com.netflix.discovery.shared.transport.decorator.SessionedEurekaHttpClient.execute(SessionedEurekaHttpClient.java:77)
	at com.netflix.discovery.shared.transport.decorator.EurekaHttpClientDecorator.register(EurekaHttpClientDecorator.java:56)
	at com.netflix.discovery.DiscoveryClient.register(DiscoveryClient.java:820)
	at com.netflix.discovery.InstanceInfoReplicator.run(InstanceInfoReplicator.java:121)
	at com.netflix.discovery.InstanceInfoReplicator$1.run(InstanceInfoReplicator.java:101)
	at java.base/java.util.concurrent.Executors$RunnableAdapter.call(Executors.java:572)
	at java.base/java.util.concurrent.FutureTask.run(FutureTask.java:317)
	at java.base/java.util.concurrent.ScheduledThreadPoolExecutor$ScheduledFutureTask.run(ScheduledThreadPoolExecutor.java:304)
	at java.base/java.util.concurrent.ThreadPoolExecutor.runWorker(ThreadPoolExecutor.java:1144)
	at java.base/java.util.concurrent.ThreadPoolExecutor$Worker.run(ThreadPoolExecutor.java:642)
	at java.base/java.lang.Thread.run(Thread.java:1583)
2026-05-03 22:17:52.867 [DiscoveryClient-InstanceInfoReplicator-0] WARN  [NOCORR] [user=anon] c.n.discovery.InstanceInfoReplicator - There was a problem with the instance info replicator
com.netflix.discovery.shared.transport.TransportException: Cannot execute request on any known server
	at com.netflix.discovery.shared.transport.decorator.RetryableEurekaHttpClient.execute(RetryableEurekaHttpClient.java:112)
	at com.netflix.discovery.shared.transport.decorator.EurekaHttpClientDecorator.register(EurekaHttpClientDecorator.java:56)
	at com.netflix.discovery.shared.transport.decorator.EurekaHttpClientDecorator$1.execute(EurekaHttpClientDecorator.java:59)
	at com.netflix.discovery.shared.transport.decorator.SessionedEurekaHttpClient.execute(SessionedEurekaHttpClient.java:77)
	at com.netflix.discovery.shared.transport.decorator.EurekaHttpClientDecorator.register(EurekaHttpClientDecorator.java:56)
	at com.netflix.discovery.DiscoveryClient.register(DiscoveryClient.java:820)
	at com.netflix.discovery.InstanceInfoReplicator.run(InstanceInfoReplicator.java:121)
	at com.netflix.discovery.InstanceInfoReplicator$1.run(InstanceInfoReplicator.java:101)
	at java.base/java.util.concurrent.Executors$RunnableAdapter.call(Executors.java:572)
	at java.base/java.util.concurrent.FutureTask.run(FutureTask.java:317)
	at java.base/java.util.concurrent.ScheduledThreadPoolExecutor$ScheduledFutureTask.run(ScheduledThreadPoolExecutor.java:304)
	at java.base/java.util.concurrent.ThreadPoolExecutor.runWorker(ThreadPoolExecutor.java:1144)
	at java.base/java.util.concurrent.ThreadPoolExecutor$Worker.run(ThreadPoolExecutor.java:642)
	at java.base/java.lang.Thread.run(Thread.java:1583)
2026-05-03 22:17:52.878 [SpringApplicationShutdownHook] INFO  [NOCORR] [user=anon] o.s.o.j.LocalContainerEntityManagerFactoryBean - Closing JPA EntityManagerFactory for persistence unit 'default'
2026-05-03 22:17:52.899 [SpringApplicationShutdownHook] INFO  [NOCORR] [user=anon] com.zaxxer.hikari.HikariDataSource - HikariPool-1 - Shutdown initiated...
2026-05-03 22:17:52.912 [SpringApplicationShutdownHook] INFO  [NOCORR] [user=anon] com.zaxxer.hikari.HikariDataSource - HikariPool-1 - Shutdown completed.
2026-05-03 22:17:52.916 [SpringApplicationShutdownHook] INFO  [NOCORR] [user=anon] c.netflix.discovery.DiscoveryClient - Shutting down DiscoveryClient ...
2026-05-03 22:17:53.461 [DiscoveryClient-CacheRefreshExecutor-0] INFO  [NOCORR] [user=anon] c.n.d.s.t.d.RedirectingEurekaHttpClient - Request execution error. endpoint=DefaultEndpoint{ serviceUrl='http://localhost:8761/eureka/} exception=Connection pool shut down stacktrace=java.lang.IllegalStateException: Connection pool shut down
	at org.apache.hc.core5.util.Asserts.check(Asserts.java:38)
	at org.apache.hc.core5.pool.StrictConnPool.lease(StrictConnPool.java:176)
	at org.apache.hc.client5.http.impl.io.PoolingHttpClientConnectionManager.lease(PoolingHttpClientConnectionManager.java:298)
	at org.apache.hc.client5.http.impl.classic.InternalExecRuntime.acquireEndpoint(InternalExecRuntime.java:103)
	at org.apache.hc.client5.http.impl.classic.ConnectExec.execute(ConnectExec.java:125)
	at org.apache.hc.client5.http.impl.classic.ExecChainElement.execute(ExecChainElement.java:51)
	at org.apache.hc.client5.http.impl.classic.ProtocolExec.execute(ProtocolExec.java:192)
	at org.apache.hc.client5.http.impl.classic.ExecChainElement.execute(ExecChainElement.java:51)
	at org.apache.hc.client5.http.impl.classic.HttpRequestRetryExec.execute(HttpRequestRetryExec.java:96)
	at org.apache.hc.client5.http.impl.classic.ExecChainElement.execute(ExecChainElement.java:51)
	at org.apache.hc.client5.http.impl.classic.ContentCompressionExec.execute(ContentCompressionExec.java:152)
	at org.apache.hc.client5.http.impl.classic.ExecChainElement.execute(ExecChainElement.java:51)
	at org.apache.hc.client5.http.impl.classic.RedirectExec.execute(RedirectExec.java:115)
	at org.apache.hc.client5.http.impl.classic.ExecChainElement.execute(ExecChainElement.java:51)
	at org.apache.hc.client5.http.impl.classic.InternalHttpClient.doExecute(InternalHttpClient.java:170)
	at org.apache.hc.client5.http.impl.classic.CloseableHttpClient.execute(CloseableHttpClient.java:87)
	at org.apache.hc.client5.http.impl.classic.CloseableHttpClient.execute(CloseableHttpClient.java:55)
	at org.apache.hc.client5.http.classic.HttpClient.executeOpen(HttpClient.java:183)
	at org.springframework.http.client.HttpComponentsClientHttpRequest.executeInternal(HttpComponentsClientHttpRequest.java:95)
	at org.springframework.http.client.AbstractStreamingClientHttpRequest.executeInternal(AbstractStreamingClientHttpRequest.java:70)
	at org.springframework.http.client.AbstractClientHttpRequest.execute(AbstractClientHttpRequest.java:66)
	at org.springframework.http.client.InterceptingClientHttpRequest$InterceptingRequestExecution.execute(InterceptingClientHttpRequest.java:112)
	at org.springframework.cloud.netflix.eureka.http.RestTemplateTransportClientFactory.lambda$restTemplate$0(RestTemplateTransportClientFactory.java:143)
	at org.springframework.http.client.InterceptingClientHttpRequest$InterceptingRequestExecution.execute(InterceptingClientHttpRequest.java:88)
	at org.springframework.http.client.InterceptingClientHttpRequest.executeInternal(InterceptingClientHttpRequest.java:72)
	at org.springframework.http.client.AbstractBufferingClientHttpRequest.executeInternal(AbstractBufferingClientHttpRequest.java:48)
	at org.springframework.http.client.AbstractClientHttpRequest.execute(AbstractClientHttpRequest.java:66)
	at org.springframework.web.client.RestTemplate.doExecute(RestTemplate.java:889)
	at org.springframework.web.client.RestTemplate.execute(RestTemplate.java:790)
	at org.springframework.web.client.RestTemplate.exchange(RestTemplate.java:672)
	at org.springframework.cloud.netflix.eureka.http.RestTemplateEurekaHttpClient.getApplicationsInternal(RestTemplateEurekaHttpClient.java:145)
	at org.springframework.cloud.netflix.eureka.http.RestTemplateEurekaHttpClient.getDelta(RestTemplateEurekaHttpClient.java:155)
	at com.netflix.discovery.shared.transport.decorator.EurekaHttpClientDecorator$7.execute(EurekaHttpClientDecorator.java:152)
	at com.netflix.discovery.shared.transport.decorator.RedirectingEurekaHttpClient.execute(RedirectingEurekaHttpClient.java:91)
	at com.netflix.discovery.shared.transport.decorator.EurekaHttpClientDecorator.getDelta(EurekaHttpClientDecorator.java:149)
	at com.netflix.discovery.shared.transport.decorator.EurekaHttpClientDecorator$7.execute(EurekaHttpClientDecorator.java:152)
	at com.netflix.discovery.shared.transport.decorator.RetryableEurekaHttpClient.execute(RetryableEurekaHttpClient.java:120)
	at com.netflix.discovery.shared.transport.decorator.EurekaHttpClientDecorator.getDelta(EurekaHttpClientDecorator.java:149)
	at com.netflix.discovery.shared.transport.decorator.EurekaHttpClientDecorator$7.execute(EurekaHttpClientDecorator.java:152)
	at com.netflix.discovery.shared.transport.decorator.SessionedEurekaHttpClient.execute(SessionedEurekaHttpClient.java:77)
	at com.netflix.discovery.shared.transport.decorator.EurekaHttpClientDecorator.getDelta(EurekaHttpClientDecorator.java:149)
	at com.netflix.discovery.DiscoveryClient.getAndUpdateDelta(DiscoveryClient.java:1079)
	at com.netflix.discovery.DiscoveryClient.fetchRegistry(DiscoveryClient.java:960)
	at com.netflix.discovery.DiscoveryClient.refreshRegistry(DiscoveryClient.java:1475)
	at com.netflix.discovery.DiscoveryClient$CacheRefreshThread.run(DiscoveryClient.java:1442)
	at java.base/java.util.concurrent.Executors$RunnableAdapter.call(Executors.java:572)
	at java.base/java.util.concurrent.FutureTask.run(FutureTask.java:317)
	at java.base/java.util.concurrent.ThreadPoolExecutor.runWorker(ThreadPoolExecutor.java:1144)
	at java.base/java.util.concurrent.ThreadPoolExecutor$Worker.run(ThreadPoolExecutor.java:642)
	at java.base/java.lang.Thread.run(Thread.java:1583)

2026-05-03 22:17:53.462 [DiscoveryClient-CacheRefreshExecutor-0] WARN  [NOCORR] [user=anon] c.n.d.s.t.d.RetryableEurekaHttpClient - Request execution failed with message: Connection pool shut down
2026-05-03 22:17:53.478 [DiscoveryClient-CacheRefreshExecutor-0] INFO  [NOCORR] [user=anon] c.n.d.s.t.d.RedirectingEurekaHttpClient - Request execution error. endpoint=DefaultEndpoint{ serviceUrl='http://localhost:8761/eureka/}, exception=Connection pool shut down stacktrace=java.lang.IllegalStateException: Connection pool shut down
	at org.apache.hc.core5.util.Asserts.check(Asserts.java:38)
	at org.apache.hc.core5.pool.StrictConnPool.lease(StrictConnPool.java:176)
	at org.apache.hc.client5.http.impl.io.PoolingHttpClientConnectionManager.lease(PoolingHttpClientConnectionManager.java:298)
	at org.apache.hc.client5.http.impl.classic.InternalExecRuntime.acquireEndpoint(InternalExecRuntime.java:103)
	at org.apache.hc.client5.http.impl.classic.ConnectExec.execute(ConnectExec.java:125)
	at org.apache.hc.client5.http.impl.classic.ExecChainElement.execute(ExecChainElement.java:51)
	at org.apache.hc.client5.http.impl.classic.ProtocolExec.execute(ProtocolExec.java:192)
	at org.apache.hc.client5.http.impl.classic.ExecChainElement.execute(ExecChainElement.java:51)
	at org.apache.hc.client5.http.impl.classic.HttpRequestRetryExec.execute(HttpRequestRetryExec.java:96)
	at org.apache.hc.client5.http.impl.classic.ExecChainElement.execute(ExecChainElement.java:51)
	at org.apache.hc.client5.http.impl.classic.ContentCompressionExec.execute(ContentCompressionExec.java:152)
	at org.apache.hc.client5.http.impl.classic.ExecChainElement.execute(ExecChainElement.java:51)
	at org.apache.hc.client5.http.impl.classic.RedirectExec.execute(RedirectExec.java:115)
	at org.apache.hc.client5.http.impl.classic.ExecChainElement.execute(ExecChainElement.java:51)
	at org.apache.hc.client5.http.impl.classic.InternalHttpClient.doExecute(InternalHttpClient.java:170)
	at org.apache.hc.client5.http.impl.classic.CloseableHttpClient.execute(CloseableHttpClient.java:87)
	at org.apache.hc.client5.http.impl.classic.CloseableHttpClient.execute(CloseableHttpClient.java:55)
	at org.apache.hc.client5.http.classic.HttpClient.executeOpen(HttpClient.java:183)
	at org.springframework.http.client.HttpComponentsClientHttpRequest.executeInternal(HttpComponentsClientHttpRequest.java:95)
	at org.springframework.http.client.AbstractStreamingClientHttpRequest.executeInternal(AbstractStreamingClientHttpRequest.java:70)
	at org.springframework.http.client.AbstractClientHttpRequest.execute(AbstractClientHttpRequest.java:66)
	at org.springframework.http.client.InterceptingClientHttpRequest$InterceptingRequestExecution.execute(InterceptingClientHttpRequest.java:112)
	at org.springframework.cloud.netflix.eureka.http.RestTemplateTransportClientFactory.lambda$restTemplate$0(RestTemplateTransportClientFactory.java:143)
	at org.springframework.http.client.InterceptingClientHttpRequest$InterceptingRequestExecution.execute(InterceptingClientHttpRequest.java:88)
	at org.springframework.http.client.InterceptingClientHttpRequest.executeInternal(InterceptingClientHttpRequest.java:72)
	at org.springframework.http.client.AbstractBufferingClientHttpRequest.executeInternal(AbstractBufferingClientHttpRequest.java:48)
	at org.springframework.http.client.AbstractClientHttpRequest.execute(AbstractClientHttpRequest.java:66)
	at org.springframework.web.client.RestTemplate.doExecute(RestTemplate.java:889)
	at org.springframework.web.client.RestTemplate.execute(RestTemplate.java:790)
	at org.springframework.web.client.RestTemplate.exchange(RestTemplate.java:672)
	at org.springframework.cloud.netflix.eureka.http.RestTemplateEurekaHttpClient.getApplicationsInternal(RestTemplateEurekaHttpClient.java:145)
	at org.springframework.cloud.netflix.eureka.http.RestTemplateEurekaHttpClient.getDelta(RestTemplateEurekaHttpClient.java:155)
	at com.netflix.discovery.shared.transport.decorator.EurekaHttpClientDecorator$7.execute(EurekaHttpClientDecorator.java:152)
	at com.netflix.discovery.shared.transport.decorator.RedirectingEurekaHttpClient.executeOnNewServer(RedirectingEurekaHttpClient.java:121)
	at com.netflix.discovery.shared.transport.decorator.RedirectingEurekaHttpClient.execute(RedirectingEurekaHttpClient.java:80)
	at com.netflix.discovery.shared.transport.decorator.EurekaHttpClientDecorator.getDelta(EurekaHttpClientDecorator.java:149)
	at com.netflix.discovery.shared.transport.decorator.EurekaHttpClientDecorator$7.execute(EurekaHttpClientDecorator.java:152)
	at com.netflix.discovery.shared.transport.decorator.RetryableEurekaHttpClient.execute(RetryableEurekaHttpClient.java:120)
	at com.netflix.discovery.shared.transport.decorator.EurekaHttpClientDecorator.getDelta(EurekaHttpClientDecorator.java:149)
	at com.netflix.discovery.shared.transport.decorator.EurekaHttpClientDecorator$7.execute(EurekaHttpClientDecorator.java:152)
	at com.netflix.discovery.shared.transport.decorator.SessionedEurekaHttpClient.execute(SessionedEurekaHttpClient.java:77)
	at com.netflix.discovery.shared.transport.decorator.EurekaHttpClientDecorator.getDelta(EurekaHttpClientDecorator.java:149)
	at com.netflix.discovery.DiscoveryClient.getAndUpdateDelta(DiscoveryClient.java:1079)
	at com.netflix.discovery.DiscoveryClient.fetchRegistry(DiscoveryClient.java:960)
	at com.netflix.discovery.DiscoveryClient.refreshRegistry(DiscoveryClient.java:1475)
	at com.netflix.discovery.DiscoveryClient$CacheRefreshThread.run(DiscoveryClient.java:1442)
	at java.base/java.util.concurrent.Executors$RunnableAdapter.call(Executors.java:572)
	at java.base/java.util.concurrent.FutureTask.run(FutureTask.java:317)
	at java.base/java.util.concurrent.ThreadPoolExecutor.runWorker(ThreadPoolExecutor.java:1144)
	at java.base/java.util.concurrent.ThreadPoolExecutor$Worker.run(ThreadPoolExecutor.java:642)
	at java.base/java.lang.Thread.run(Thread.java:1583)

2026-05-03 22:17:53.479 [DiscoveryClient-CacheRefreshExecutor-0] WARN  [NOCORR] [user=anon] c.n.d.s.t.d.RetryableEurekaHttpClient - Request execution failed with message: Connection pool shut down
2026-05-03 22:17:53.479 [DiscoveryClient-CacheRefreshExecutor-0] INFO  [NOCORR] [user=anon] c.netflix.discovery.DiscoveryClient - DiscoveryClient_INCIDENT-SERVICE/incident-service:8084 - was unable to refresh its cache! This periodic background refresh will be retried in 30 seconds. status = Cannot execute request on any known server stacktrace = com.netflix.discovery.shared.transport.TransportException: Cannot execute request on any known server
	at com.netflix.discovery.shared.transport.decorator.RetryableEurekaHttpClient.execute(RetryableEurekaHttpClient.java:112)
	at com.netflix.discovery.shared.transport.decorator.EurekaHttpClientDecorator.getDelta(EurekaHttpClientDecorator.java:149)
	at com.netflix.discovery.shared.transport.decorator.EurekaHttpClientDecorator$7.execute(EurekaHttpClientDecorator.java:152)
	at com.netflix.discovery.shared.transport.decorator.SessionedEurekaHttpClient.execute(SessionedEurekaHttpClient.java:77)
	at com.netflix.discovery.shared.transport.decorator.EurekaHttpClientDecorator.getDelta(EurekaHttpClientDecorator.java:149)
	at com.netflix.discovery.DiscoveryClient.getAndUpdateDelta(DiscoveryClient.java:1079)
	at com.netflix.discovery.DiscoveryClient.fetchRegistry(DiscoveryClient.java:960)
	at com.netflix.discovery.DiscoveryClient.refreshRegistry(DiscoveryClient.java:1475)
	at com.netflix.discovery.DiscoveryClient$CacheRefreshThread.run(DiscoveryClient.java:1442)
	at java.base/java.util.concurrent.Executors$RunnableAdapter.call(Executors.java:572)
	at java.base/java.util.concurrent.FutureTask.run(FutureTask.java:317)
	at java.base/java.util.concurrent.ThreadPoolExecutor.runWorker(ThreadPoolExecutor.java:1144)
	at java.base/java.util.concurrent.ThreadPoolExecutor$Worker.run(ThreadPoolExecutor.java:642)
	at java.base/java.lang.Thread.run(Thread.java:1583)

2026-05-03 22:17:54.090 [DiscoveryClient-HeartbeatExecutor-0] INFO  [NOCORR] [user=anon] c.n.d.s.t.d.RedirectingEurekaHttpClient - Request execution error. endpoint=DefaultEndpoint{ serviceUrl='http://localhost:8761/eureka/}, exception=Connection pool shut down stacktrace=java.lang.IllegalStateException: Connection pool shut down
	at org.apache.hc.core5.util.Asserts.check(Asserts.java:38)
	at org.apache.hc.core5.pool.StrictConnPool.lease(StrictConnPool.java:176)
	at org.apache.hc.client5.http.impl.io.PoolingHttpClientConnectionManager.lease(PoolingHttpClientConnectionManager.java:298)
	at org.apache.hc.client5.http.impl.classic.InternalExecRuntime.acquireEndpoint(InternalExecRuntime.java:103)
	at org.apache.hc.client5.http.impl.classic.ConnectExec.execute(ConnectExec.java:125)
	at org.apache.hc.client5.http.impl.classic.ExecChainElement.execute(ExecChainElement.java:51)
	at org.apache.hc.client5.http.impl.classic.ProtocolExec.execute(ProtocolExec.java:192)
	at org.apache.hc.client5.http.impl.classic.ExecChainElement.execute(ExecChainElement.java:51)
	at org.apache.hc.client5.http.impl.classic.HttpRequestRetryExec.execute(HttpRequestRetryExec.java:96)
	at org.apache.hc.client5.http.impl.classic.ExecChainElement.execute(ExecChainElement.java:51)
	at org.apache.hc.client5.http.impl.classic.ContentCompressionExec.execute(ContentCompressionExec.java:152)
	at org.apache.hc.client5.http.impl.classic.ExecChainElement.execute(ExecChainElement.java:51)
	at org.apache.hc.client5.http.impl.classic.RedirectExec.execute(RedirectExec.java:115)
	at org.apache.hc.client5.http.impl.classic.ExecChainElement.execute(ExecChainElement.java:51)
	at org.apache.hc.client5.http.impl.classic.InternalHttpClient.doExecute(InternalHttpClient.java:170)
	at org.apache.hc.client5.http.impl.classic.CloseableHttpClient.execute(CloseableHttpClient.java:87)
	at org.apache.hc.client5.http.impl.classic.CloseableHttpClient.execute(CloseableHttpClient.java:55)
	at org.apache.hc.client5.http.classic.HttpClient.executeOpen(HttpClient.java:183)
	at org.springframework.http.client.HttpComponentsClientHttpRequest.executeInternal(HttpComponentsClientHttpRequest.java:95)
	at org.springframework.http.client.AbstractStreamingClientHttpRequest.executeInternal(AbstractStreamingClientHttpRequest.java:70)
	at org.springframework.http.client.AbstractClientHttpRequest.execute(AbstractClientHttpRequest.java:66)
	at org.springframework.http.client.InterceptingClientHttpRequest$InterceptingRequestExecution.execute(InterceptingClientHttpRequest.java:112)
	at org.springframework.cloud.netflix.eureka.http.RestTemplateTransportClientFactory.lambda$restTemplate$0(RestTemplateTransportClientFactory.java:143)
	at org.springframework.http.client.InterceptingClientHttpRequest$InterceptingRequestExecution.execute(InterceptingClientHttpRequest.java:88)
	at org.springframework.http.client.InterceptingClientHttpRequest.executeInternal(InterceptingClientHttpRequest.java:72)
	at org.springframework.http.client.AbstractBufferingClientHttpRequest.executeInternal(AbstractBufferingClientHttpRequest.java:48)
	at org.springframework.http.client.AbstractClientHttpRequest.execute(AbstractClientHttpRequest.java:66)
	at org.springframework.web.client.RestTemplate.doExecute(RestTemplate.java:889)
	at org.springframework.web.client.RestTemplate.execute(RestTemplate.java:790)
	at org.springframework.web.client.RestTemplate.exchange(RestTemplate.java:672)
	at org.springframework.cloud.netflix.eureka.http.RestTemplateEurekaHttpClient.sendHeartBeat(RestTemplateEurekaHttpClient.java:99)
	at com.netflix.discovery.shared.transport.decorator.EurekaHttpClientDecorator$3.execute(EurekaHttpClientDecorator.java:92)
	at com.netflix.discovery.shared.transport.decorator.RedirectingEurekaHttpClient.executeOnNewServer(RedirectingEurekaHttpClient.java:121)
	at com.netflix.discovery.shared.transport.decorator.RedirectingEurekaHttpClient.execute(RedirectingEurekaHttpClient.java:80)
	at com.netflix.discovery.shared.transport.decorator.EurekaHttpClientDecorator.sendHeartBeat(EurekaHttpClientDecorator.java:89)
	at com.netflix.discovery.shared.transport.decorator.EurekaHttpClientDecorator$3.execute(EurekaHttpClientDecorator.java:92)
	at com.netflix.discovery.shared.transport.decorator.RetryableEurekaHttpClient.execute(RetryableEurekaHttpClient.java:120)
	at com.netflix.discovery.shared.transport.decorator.EurekaHttpClientDecorator.sendHeartBeat(EurekaHttpClientDecorator.java:89)
	at com.netflix.discovery.shared.transport.decorator.EurekaHttpClientDecorator$3.execute(EurekaHttpClientDecorator.java:92)
	at com.netflix.discovery.shared.transport.decorator.SessionedEurekaHttpClient.execute(SessionedEurekaHttpClient.java:77)
	at com.netflix.discovery.shared.transport.decorator.EurekaHttpClientDecorator.sendHeartBeat(EurekaHttpClientDecorator.java:89)
	at com.netflix.discovery.DiscoveryClient.renew(DiscoveryClient.java:837)
	at com.netflix.discovery.DiscoveryClient$HeartbeatThread.run(DiscoveryClient.java:1401)
	at java.base/java.util.concurrent.Executors$RunnableAdapter.call(Executors.java:572)
	at java.base/java.util.concurrent.FutureTask.run(FutureTask.java:317)
	at java.base/java.util.concurrent.ThreadPoolExecutor.runWorker(ThreadPoolExecutor.java:1144)
	at java.base/java.util.concurrent.ThreadPoolExecutor$Worker.run(ThreadPoolExecutor.java:642)
	at java.base/java.lang.Thread.run(Thread.java:1583)

2026-05-03 22:17:54.090 [DiscoveryClient-HeartbeatExecutor-0] WARN  [NOCORR] [user=anon] c.n.d.s.t.d.RetryableEurekaHttpClient - Request execution failed with message: Connection pool shut down
2026-05-03 22:17:54.090 [DiscoveryClient-HeartbeatExecutor-0] ERROR [NOCORR] [user=anon] c.netflix.discovery.DiscoveryClient - DiscoveryClient_INCIDENT-SERVICE/incident-service:8084 - was unable to send heartbeat!
com.netflix.discovery.shared.transport.TransportException: Cannot execute request on any known server
	at com.netflix.discovery.shared.transport.decorator.RetryableEurekaHttpClient.execute(RetryableEurekaHttpClient.java:112)
	at com.netflix.discovery.shared.transport.decorator.EurekaHttpClientDecorator.sendHeartBeat(EurekaHttpClientDecorator.java:89)
	at com.netflix.discovery.shared.transport.decorator.EurekaHttpClientDecorator$3.execute(EurekaHttpClientDecorator.java:92)
	at com.netflix.discovery.shared.transport.decorator.SessionedEurekaHttpClient.execute(SessionedEurekaHttpClient.java:77)
	at com.netflix.discovery.shared.transport.decorator.EurekaHttpClientDecorator.sendHeartBeat(EurekaHttpClientDecorator.java:89)
	at com.netflix.discovery.DiscoveryClient.renew(DiscoveryClient.java:837)
	at com.netflix.discovery.DiscoveryClient$HeartbeatThread.run(DiscoveryClient.java:1401)
	at java.base/java.util.concurrent.Executors$RunnableAdapter.call(Executors.java:572)
	at java.base/java.util.concurrent.FutureTask.run(FutureTask.java:317)
	at java.base/java.util.concurrent.ThreadPoolExecutor.runWorker(ThreadPoolExecutor.java:1144)
	at java.base/java.util.concurrent.ThreadPoolExecutor$Worker.run(ThreadPoolExecutor.java:642)
	at java.base/java.lang.Thread.run(Thread.java:1583)
2026-05-03 22:17:55.940 [SpringApplicationShutdownHook] INFO  [NOCORR] [user=anon] c.netflix.discovery.DiscoveryClient - Unregistering ...
2026-05-03 22:17:55.947 [SpringApplicationShutdownHook] INFO  [NOCORR] [user=anon] c.n.d.s.t.d.RedirectingEurekaHttpClient - Request execution error. endpoint=DefaultEndpoint{ serviceUrl='http://localhost:8761/eureka/}, exception=Connection pool shut down stacktrace=java.lang.IllegalStateException: Connection pool shut down
	at org.apache.hc.core5.util.Asserts.check(Asserts.java:38)
	at org.apache.hc.core5.pool.StrictConnPool.lease(StrictConnPool.java:176)
	at org.apache.hc.client5.http.impl.io.PoolingHttpClientConnectionManager.lease(PoolingHttpClientConnectionManager.java:298)
	at org.apache.hc.client5.http.impl.classic.InternalExecRuntime.acquireEndpoint(InternalExecRuntime.java:103)
	at org.apache.hc.client5.http.impl.classic.ConnectExec.execute(ConnectExec.java:125)
	at org.apache.hc.client5.http.impl.classic.ExecChainElement.execute(ExecChainElement.java:51)
	at org.apache.hc.client5.http.impl.classic.ProtocolExec.execute(ProtocolExec.java:192)
	at org.apache.hc.client5.http.impl.classic.ExecChainElement.execute(ExecChainElement.java:51)
	at org.apache.hc.client5.http.impl.classic.HttpRequestRetryExec.execute(HttpRequestRetryExec.java:96)
	at org.apache.hc.client5.http.impl.classic.ExecChainElement.execute(ExecChainElement.java:51)
	at org.apache.hc.client5.http.impl.classic.ContentCompressionExec.execute(ContentCompressionExec.java:152)
	at org.apache.hc.client5.http.impl.classic.ExecChainElement.execute(ExecChainElement.java:51)
	at org.apache.hc.client5.http.impl.classic.RedirectExec.execute(RedirectExec.java:115)
	at org.apache.hc.client5.http.impl.classic.ExecChainElement.execute(ExecChainElement.java:51)
	at org.apache.hc.client5.http.impl.classic.InternalHttpClient.doExecute(InternalHttpClient.java:170)
	at org.apache.hc.client5.http.impl.classic.CloseableHttpClient.execute(CloseableHttpClient.java:87)
	at org.apache.hc.client5.http.impl.classic.CloseableHttpClient.execute(CloseableHttpClient.java:55)
	at org.apache.hc.client5.http.classic.HttpClient.executeOpen(HttpClient.java:183)
	at org.springframework.http.client.HttpComponentsClientHttpRequest.executeInternal(HttpComponentsClientHttpRequest.java:95)
	at org.springframework.http.client.AbstractStreamingClientHttpRequest.executeInternal(AbstractStreamingClientHttpRequest.java:70)
	at org.springframework.http.client.AbstractClientHttpRequest.execute(AbstractClientHttpRequest.java:66)
	at org.springframework.http.client.InterceptingClientHttpRequest$InterceptingRequestExecution.execute(InterceptingClientHttpRequest.java:112)
	at org.springframework.cloud.netflix.eureka.http.RestTemplateTransportClientFactory.lambda$restTemplate$0(RestTemplateTransportClientFactory.java:143)
	at org.springframework.http.client.InterceptingClientHttpRequest$InterceptingRequestExecution.execute(InterceptingClientHttpRequest.java:88)
	at org.springframework.http.client.InterceptingClientHttpRequest.executeInternal(InterceptingClientHttpRequest.java:72)
	at org.springframework.http.client.AbstractBufferingClientHttpRequest.executeInternal(AbstractBufferingClientHttpRequest.java:48)
	at org.springframework.http.client.AbstractClientHttpRequest.execute(AbstractClientHttpRequest.java:66)
	at org.springframework.web.client.RestTemplate.doExecute(RestTemplate.java:889)
	at org.springframework.web.client.RestTemplate.execute(RestTemplate.java:790)
	at org.springframework.web.client.RestTemplate.exchange(RestTemplate.java:672)
	at org.springframework.cloud.netflix.eureka.http.RestTemplateEurekaHttpClient.cancel(RestTemplateEurekaHttpClient.java:87)
	at com.netflix.discovery.shared.transport.decorator.EurekaHttpClientDecorator$2.execute(EurekaHttpClientDecorator.java:74)
	at com.netflix.discovery.shared.transport.decorator.RedirectingEurekaHttpClient.executeOnNewServer(RedirectingEurekaHttpClient.java:121)
	at com.netflix.discovery.shared.transport.decorator.RedirectingEurekaHttpClient.execute(RedirectingEurekaHttpClient.java:80)
	at com.netflix.discovery.shared.transport.decorator.EurekaHttpClientDecorator.cancel(EurekaHttpClientDecorator.java:71)
	at com.netflix.discovery.shared.transport.decorator.EurekaHttpClientDecorator$2.execute(EurekaHttpClientDecorator.java:74)
	at com.netflix.discovery.shared.transport.decorator.RetryableEurekaHttpClient.execute(RetryableEurekaHttpClient.java:120)
	at com.netflix.discovery.shared.transport.decorator.EurekaHttpClientDecorator.cancel(EurekaHttpClientDecorator.java:71)
	at com.netflix.discovery.shared.transport.decorator.EurekaHttpClientDecorator$2.execute(EurekaHttpClientDecorator.java:74)
	at com.netflix.discovery.shared.transport.decorator.SessionedEurekaHttpClient.execute(SessionedEurekaHttpClient.java:77)
	at com.netflix.discovery.shared.transport.decorator.EurekaHttpClientDecorator.cancel(EurekaHttpClientDecorator.java:71)
	at com.netflix.discovery.DiscoveryClient.unregister(DiscoveryClient.java:916)
	at com.netflix.discovery.DiscoveryClient.shutdown(DiscoveryClient.java:892)
	at java.base/jdk.internal.reflect.DirectMethodHandleAccessor.invoke(DirectMethodHandleAccessor.java:103)
	at java.base/java.lang.reflect.Method.invoke(Method.java:580)
	at org.springframework.beans.factory.annotation.InitDestroyAnnotationBeanPostProcessor$LifecycleMethod.invoke(InitDestroyAnnotationBeanPostProcessor.java:457)
	at org.springframework.beans.factory.annotation.InitDestroyAnnotationBeanPostProcessor$LifecycleMetadata.invokeDestroyMethods(InitDestroyAnnotationBeanPostProcessor.java:415)
	at org.springframework.beans.factory.annotation.InitDestroyAnnotationBeanPostProcessor.postProcessBeforeDestruction(InitDestroyAnnotationBeanPostProcessor.java:239)
	at org.springframework.beans.factory.support.DisposableBeanAdapter.destroy(DisposableBeanAdapter.java:202)
	at org.springframework.beans.factory.support.DisposableBeanAdapter.run(DisposableBeanAdapter.java:195)
	at org.springframework.cloud.context.scope.GenericScope$BeanLifecycleWrapper.destroy(GenericScope.java:389)
	at org.springframework.cloud.context.scope.GenericScope.destroy(GenericScope.java:136)
	at org.springframework.beans.factory.support.DisposableBeanAdapter.destroy(DisposableBeanAdapter.java:211)
	at org.springframework.beans.factory.support.DefaultSingletonBeanRegistry.destroyBean(DefaultSingletonBeanRegistry.java:587)
	at org.springframework.beans.factory.support.DefaultSingletonBeanRegistry.destroySingleton(DefaultSingletonBeanRegistry.java:559)
	at org.springframework.beans.factory.support.DefaultListableBeanFactory.destroySingleton(DefaultListableBeanFactory.java:1202)
	at org.springframework.beans.factory.support.DefaultSingletonBeanRegistry.destroySingletons(DefaultSingletonBeanRegistry.java:520)
	at org.springframework.beans.factory.support.DefaultListableBeanFactory.destroySingletons(DefaultListableBeanFactory.java:1195)
	at org.springframework.context.support.AbstractApplicationContext.destroyBeans(AbstractApplicationContext.java:1186)
	at org.springframework.context.support.AbstractApplicationContext.doClose(AbstractApplicationContext.java:1147)
	at org.springframework.boot.web.servlet.context.ServletWebServerApplicationContext.doClose(ServletWebServerApplicationContext.java:174)
	at org.springframework.context.support.AbstractApplicationContext.close(AbstractApplicationContext.java:1093)
	at org.springframework.boot.SpringApplicationShutdownHook.closeAndWait(SpringApplicationShutdownHook.java:145)
	at java.base/java.lang.Iterable.forEach(Iterable.java:75)
	at org.springframework.boot.SpringApplicationShutdownHook.run(SpringApplicationShutdownHook.java:114)
	at java.base/java.lang.Thread.run(Thread.java:1583)

2026-05-03 22:17:55.948 [SpringApplicationShutdownHook] WARN  [NOCORR] [user=anon] c.n.d.s.t.d.RetryableEurekaHttpClient - Request execution failed with message: Connection pool shut down
2026-05-03 22:17:55.948 [SpringApplicationShutdownHook] ERROR [NOCORR] [user=anon] c.netflix.discovery.DiscoveryClient - DiscoveryClient_INCIDENT-SERVICE/incident-service:8084 - de-registration failedCannot execute request on any known server
com.netflix.discovery.shared.transport.TransportException: Cannot execute request on any known server
	at com.netflix.discovery.shared.transport.decorator.RetryableEurekaHttpClient.execute(RetryableEurekaHttpClient.java:112)
	at com.netflix.discovery.shared.transport.decorator.EurekaHttpClientDecorator.cancel(EurekaHttpClientDecorator.java:71)
	at com.netflix.discovery.shared.transport.decorator.EurekaHttpClientDecorator$2.execute(EurekaHttpClientDecorator.java:74)
	at com.netflix.discovery.shared.transport.decorator.SessionedEurekaHttpClient.execute(SessionedEurekaHttpClient.java:77)
	at com.netflix.discovery.shared.transport.decorator.EurekaHttpClientDecorator.cancel(EurekaHttpClientDecorator.java:71)
	at com.netflix.discovery.DiscoveryClient.unregister(DiscoveryClient.java:916)
	at com.netflix.discovery.DiscoveryClient.shutdown(DiscoveryClient.java:892)
	at java.base/jdk.internal.reflect.DirectMethodHandleAccessor.invoke(DirectMethodHandleAccessor.java:103)
	at java.base/java.lang.reflect.Method.invoke(Method.java:580)
	at org.springframework.beans.factory.annotation.InitDestroyAnnotationBeanPostProcessor$LifecycleMethod.invoke(InitDestroyAnnotationBeanPostProcessor.java:457)
	at org.springframework.beans.factory.annotation.InitDestroyAnnotationBeanPostProcessor$LifecycleMetadata.invokeDestroyMethods(InitDestroyAnnotationBeanPostProcessor.java:415)
	at org.springframework.beans.factory.annotation.InitDestroyAnnotationBeanPostProcessor.postProcessBeforeDestruction(InitDestroyAnnotationBeanPostProcessor.java:239)
	at org.springframework.beans.factory.support.DisposableBeanAdapter.destroy(DisposableBeanAdapter.java:202)
	at org.springframework.beans.factory.support.DisposableBeanAdapter.run(DisposableBeanAdapter.java:195)
	at org.springframework.cloud.context.scope.GenericScope$BeanLifecycleWrapper.destroy(GenericScope.java:389)
	at org.springframework.cloud.context.scope.GenericScope.destroy(GenericScope.java:136)
	at org.springframework.beans.factory.support.DisposableBeanAdapter.destroy(DisposableBeanAdapter.java:211)
	at org.springframework.beans.factory.support.DefaultSingletonBeanRegistry.destroyBean(DefaultSingletonBeanRegistry.java:587)
	at org.springframework.beans.factory.support.DefaultSingletonBeanRegistry.destroySingleton(DefaultSingletonBeanRegistry.java:559)
	at org.springframework.beans.factory.support.DefaultListableBeanFactory.destroySingleton(DefaultListableBeanFactory.java:1202)
	at org.springframework.beans.factory.support.DefaultSingletonBeanRegistry.destroySingletons(DefaultSingletonBeanRegistry.java:520)
	at org.springframework.beans.factory.support.DefaultListableBeanFactory.destroySingletons(DefaultListableBeanFactory.java:1195)
	at org.springframework.context.support.AbstractApplicationContext.destroyBeans(AbstractApplicationContext.java:1186)
	at org.springframework.context.support.AbstractApplicationContext.doClose(AbstractApplicationContext.java:1147)
	at org.springframework.boot.web.servlet.context.ServletWebServerApplicationContext.doClose(ServletWebServerApplicationContext.java:174)
	at org.springframework.context.support.AbstractApplicationContext.close(AbstractApplicationContext.java:1093)
	at org.springframework.boot.SpringApplicationShutdownHook.closeAndWait(SpringApplicationShutdownHook.java:145)
	at java.base/java.lang.Iterable.forEach(Iterable.java:75)
	at org.springframework.boot.SpringApplicationShutdownHook.run(SpringApplicationShutdownHook.java:114)
	at java.base/java.lang.Thread.run(Thread.java:1583)
2026-05-03 22:17:55.958 [SpringApplicationShutdownHook] INFO  [NOCORR] [user=anon] c.netflix.discovery.DiscoveryClient - Completed shut down of DiscoveryClient
